Using pre-set license
Built from '2020.3/staging' branch; Version is '2020.3.17f1 (a4537701e4ab) revision 10769271'; Using compiler version '192528614'; Build Type 'Release'
OS: 'Windows 10 Education; OS build 19043.1165; Version 2009; 64bit' Language: 'en' Physical Memory: 32693 MB
BatchMode: 1, IsHumanControllingUs: 0, StartBugReporterOnCrash: 0, Is64bit: 1, IsPro: 0

COMMAND LINE ARGUMENTS:
C:\Program Files\Unity\Hub\Editor\2020.3.17f1\Editor\Unity.exe
-adb2
-batchMode
-noUpm
-name
AssetImportWorker0
-projectPath
C:/Users/dumcdani/Documents/UNITY Projects/daKarts-Repo/daKarts
-logFile
Logs/AssetImportWorker0.log
-srvPort
59151
Successfully changed project path to: C:/Users/dumcdani/Documents/UNITY Projects/daKarts-Repo/daKarts
C:/Users/dumcdani/Documents/UNITY Projects/daKarts-Repo/daKarts
Using Asset Import Pipeline V2.
Refreshing native plugins compatible for Editor in 51.50 ms, found 3 plugins.
Preloading 0 native plugins for Editor in 0.00 ms.
Initialize engine version: 2020.3.17f1 (a4537701e4ab)
[Subsystems] Discovering subsystems at path C:/Program Files/Unity/Hub/Editor/2020.3.17f1/Editor/Data/Resources/UnitySubsystems
[Subsystems] Discovering subsystems at path C:/Users/dumcdani/Documents/UNITY Projects/daKarts-Repo/daKarts/Assets
GfxDevice: creating device client; threaded=0
Direct3D:
    Version:  Direct3D 11.0 [level 11.1]
    Renderer: NVIDIA GeForce GTX 1070 Ti (ID=0x1b82)
    Vendor:   
    VRAM:     8079 MB
    Driver:   30.0.14.7168
Initialize mono
Mono path[0] = 'C:/Program Files/Unity/Hub/Editor/2020.3.17f1/Editor/Data/Managed'
Mono path[1] = 'C:/Program Files/Unity/Hub/Editor/2020.3.17f1/Editor/Data/MonoBleedingEdge/lib/mono/unityjit'
Mono config path = 'C:/Program Files/Unity/Hub/Editor/2020.3.17f1/Editor/Data/MonoBleedingEdge/etc'
Using monoOptions --debugger-agent=transport=dt_socket,embedding=1,server=y,suspend=n,address=127.0.0.1:56084
Begin MonoManager ReloadAssembly
Registering precompiled unity dll's ...
Register platform support module: C:/Program Files/Unity/Hub/Editor/2020.3.17f1/Editor/Data/PlaybackEngines/WebGLSupport/UnityEditor.WebGL.Extensions.dll
Register platform support module: C:/Program Files/Unity/Hub/Editor/2020.3.17f1/Editor/Data/PlaybackEngines/WindowsStandaloneSupport/UnityEditor.WindowsStandalone.Extensions.dll
Registered in 0.002022 seconds.
Native extension for WindowsStandalone target not found
Native extension for WebGL target not found
Refreshing native plugins compatible for Editor in 48.75 ms, found 3 plugins.
Preloading 0 native plugins for Editor in 0.00 ms.
Mono: successfully reloaded assembly
- Completed reload, in  0.881 seconds
Domain Reload Profiling:
	ReloadAssembly (881ms)
		BeginReloadAssembly (40ms)
			ExecutionOrderSort (0ms)
			DisableScriptedObjects (0ms)
			BackupInstance (0ms)
			ReleaseScriptingObjects (0ms)
			CreateAndSetChildDomain (1ms)
		EndReloadAssembly (328ms)
			LoadAssemblies (38ms)
			RebuildTransferFunctionScriptingTraits (0ms)
			SetupTypeCache (116ms)
			ReleaseScriptCaches (0ms)
			RebuildScriptCaches (24ms)
			SetupLoadedEditorAssemblies (138ms)
				LogAssemblyErrors (0ms)
				InitializePlatformSupportModulesInManaged (4ms)
				SetLoadedEditorAssemblies (0ms)
				RefreshPlugins (49ms)
				BeforeProcessingInitializeOnLoad (7ms)
				ProcessInitializeOnLoadAttributes (59ms)
				ProcessInitializeOnLoadMethodAttributes (20ms)
				AfterProcessingInitializeOnLoad (0ms)
				EditorAssembliesLoaded (0ms)
			ExecutionOrderSort2 (0ms)
			AwakeInstancesAfterBackupRestoration (0ms)
Platform modules already initialized, skipping
Registering precompiled user dll's ...
Registered in 0.006139 seconds.
Begin MonoManager ReloadAssembly
Native extension for WindowsStandalone target not found
Native extension for WebGL target not found
Refreshing native plugins compatible for Editor in 49.63 ms, found 3 plugins.
Preloading 0 native plugins for Editor in 0.00 ms.
Mono: successfully reloaded assembly
- Completed reload, in  1.491 seconds
Domain Reload Profiling:
	ReloadAssembly (1492ms)
		BeginReloadAssembly (118ms)
			ExecutionOrderSort (0ms)
			DisableScriptedObjects (4ms)
			BackupInstance (0ms)
			ReleaseScriptingObjects (0ms)
			CreateAndSetChildDomain (17ms)
		EndReloadAssembly (1321ms)
			LoadAssemblies (76ms)
			RebuildTransferFunctionScriptingTraits (0ms)
			SetupTypeCache (258ms)
			ReleaseScriptCaches (1ms)
			RebuildScriptCaches (44ms)
			SetupLoadedEditorAssemblies (848ms)
				LogAssemblyErrors (0ms)
				InitializePlatformSupportModulesInManaged (4ms)
				SetLoadedEditorAssemblies (0ms)
				RefreshPlugins (50ms)
				BeforeProcessingInitializeOnLoad (66ms)
				ProcessInitializeOnLoadAttributes (720ms)
				ProcessInitializeOnLoadMethodAttributes (3ms)
				AfterProcessingInitializeOnLoad (6ms)
				EditorAssembliesLoaded (0ms)
			ExecutionOrderSort2 (0ms)
			AwakeInstancesAfterBackupRestoration (5ms)
Platform modules already initialized, skipping
========================================================================
Worker process is ready to serve import requests
Launched and connected shader compiler UnityShaderCompiler.exe after 0.05 seconds
Refreshing native plugins compatible for Editor in 0.79 ms, found 3 plugins.
Preloading 0 native plugins for Editor in 0.00 ms.
Unloading 2758 Unused Serialized files (Serialized files now loaded: 0)
System memory in use before: 127.0 MB.
System memory in use after: 127.2 MB.

Unloading 34 unused Assets to reduce memory usage. Loaded Objects now: 3183.
Total: 3.781100 ms (FindLiveObjects: 0.344700 ms CreateObjectMapping: 0.071000 ms MarkObjects: 3.265400 ms  DeleteObjects: 0.099100 ms)

AssetImportParameters requested are different than current active one (requested -> active):
  custom:framework-win-MediaFoundation: 216162199b28c13a410421893ffa2e32 -> 
  custom:video-decoder-ogg-theora: a1e56fd34408186e4bbccfd4996cb3dc -> 
  custom:container-muxer-webm: aa71ff27fc2769a1b78a27578f13a17b -> 
  custom:container-demuxer-webm: 4f35f7cbe854078d1ac9338744f61a02 -> 
  custom:container-demuxer-ogg: 62fdf1f143b41e24485cea50d1cbac27 -> 
  custom:video-encoder-webm-vp8: eb34c28f22e8b96e1ab97ce403110664 -> 
  custom:video-decoder-webm-vp8: 9c59270c3fd7afecdb556c50c9e8de78 -> 
  custom:audio-decoder-ogg-vorbis: bf7c407c2cedff20999df2af8eb42d56 -> 
  custom:audio-encoder-webm-vorbis: bf7c407c2cedff20999df2af8eb42d56 -> 
========================================================================
Received Import Request.
  path: Assets/Karting/Art/Materials/Kart_Classic/ML_KartBody.mat
  artifactKey: Guid(92461c21480194ccfa4491e9bb4421c3) Importer(815301076,1909f56bfc062723c751e8b465ee728b)
Start importing Assets/Karting/Art/Materials/Kart_Classic/ML_KartBody.mat using Guid(92461c21480194ccfa4491e9bb4421c3) Importer(815301076,1909f56bfc062723c751e8b465ee728b)  -> (artifact id: '8a385525954a626c62a1341e7f63de4f') in 0.159402 seconds 
  Import took 0.163530 seconds .

========================================================================
Received Import Request.
  Time since last request: 0.000169 seconds.
  path: Assets/Karting/ModularTrackKit/Models/ModularTrackCantMediumLeft.fbx
  artifactKey: Guid(193fbff110f9a4b5ea39398504a85034) Importer(815301076,1909f56bfc062723c751e8b465ee728b)
Start importing Assets/Karting/ModularTrackKit/Models/ModularTrackCantMediumLeft.fbx using Guid(193fbff110f9a4b5ea39398504a85034) Importer(815301076,1909f56bfc062723c751e8b465ee728b)  -> (artifact id: '313fea4c2df1f3083273fe6868bd9ae1') in 0.126242 seconds 
  Import took 0.129864 seconds .

========================================================================
Received Import Request.
  Time since last request: 0.000185 seconds.
  path: Assets/Karting/ModularTrackKit/Prefabs/ModularTrackCantMediumLeft.prefab
  artifactKey: Guid(ea87863efa0b941408cdd4b102308f4c) Importer(815301076,1909f56bfc062723c751e8b465ee728b)
Start importing Assets/Karting/ModularTrackKit/Prefabs/ModularTrackCantMediumLeft.prefab using Guid(ea87863efa0b941408cdd4b102308f4c) Importer(815301076,1909f56bfc062723c751e8b465ee728b)  -> (artifact id: '102e2d31bd98185a7de9273d1f140101') in 0.022504 seconds 
  Import took 0.026228 seconds .

========================================================================
Received Import Request.
  Time since last request: 0.000157 seconds.
  path: Assets/Karting/Prefabs/KartClassic/MLAgent_Sensors.prefab
  artifactKey: Guid(89eb64e47eca20d46b2b6de7cb33fb77) Importer(815301076,1909f56bfc062723c751e8b465ee728b)
Start importing Assets/Karting/Prefabs/KartClassic/MLAgent_Sensors.prefab using Guid(89eb64e47eca20d46b2b6de7cb33fb77) Importer(815301076,1909f56bfc062723c751e8b465ee728b)  -> (artifact id: '8dd528bcbbacb819163315f876cc4433') in 0.007647 seconds 
  Import took 0.011400 seconds .

========================================================================
Received Import Request.
  Time since last request: 0.000161 seconds.
  path: Assets/Karting/Art/Materials/Characters/Material_MLAgent.mat
  artifactKey: Guid(c794895b4346d4b7bb39188becd35c0e) Importer(815301076,1909f56bfc062723c751e8b465ee728b)
Start importing Assets/Karting/Art/Materials/Characters/Material_MLAgent.mat using Guid(c794895b4346d4b7bb39188becd35c0e) Importer(815301076,1909f56bfc062723c751e8b465ee728b)  -> (artifact id: '5a0953d190b289711a596e768e1c0c1f') in 0.010573 seconds 
  Import took 0.014080 seconds .

========================================================================
Received Import Request.
  Time since last request: 0.000214 seconds.
  path: Assets/Karting/ModularTrackKit/Models/ModularTrackCurveMediumLeft.fbx
  artifactKey: Guid(fd8897a9f46db4ff1ba74975ec44af36) Importer(815301076,1909f56bfc062723c751e8b465ee728b)
Start importing Assets/Karting/ModularTrackKit/Models/ModularTrackCurveMediumLeft.fbx using Guid(fd8897a9f46db4ff1ba74975ec44af36) Importer(815301076,1909f56bfc062723c751e8b465ee728b)  -> (artifact id: '99128173ee07c73cef416281df6e4b44') in 0.025816 seconds 
  Import took 0.029353 seconds .

========================================================================
Received Import Request.
  Time since last request: 0.000161 seconds.
  path: Assets/Karting/Prefabs/KartClassic/KartClassic_MLAgent.prefab
  artifactKey: Guid(5f7c5784d4776074089b56351be94b74) Importer(815301076,1909f56bfc062723c751e8b465ee728b)
Start importing Assets/Karting/Prefabs/KartClassic/KartClassic_MLAgent.prefab using Guid(5f7c5784d4776074089b56351be94b74) Importer(815301076,1909f56bfc062723c751e8b465ee728b)  -> (artifact id: 'c4d8935ae75dd5b56ec75a04b0c2fe31') in 0.045556 seconds 
  Import took 0.050581 seconds .

========================================================================
Received Import Request.
  Time since last request: 150.961969 seconds.
  path: Assets/Mod Assets/3DProps/AncientProps/Archway.fbx
  artifactKey: Guid(8845e58e723a048699e6cf81997a1af0) Importer(815301076,1909f56bfc062723c751e8b465ee728b)
Start importing Assets/Mod Assets/3DProps/AncientProps/Archway.fbx using Guid(8845e58e723a048699e6cf81997a1af0) Importer(815301076,1909f56bfc062723c751e8b465ee728b)  -> (artifact id: 'ee92f4a0110d1a8fc867c9dd573dafb8') in 0.027200 seconds 
  Import took 0.031738 seconds .

========================================================================
Received Import Request.
  Time since last request: 0.000144 seconds.
  path: Assets/Mod Assets/ModResources/BillboardMaterials/Billboard Content.mat
  artifactKey: Guid(ba793090d6ae148e9a8a50996460f4f1) Importer(815301076,1909f56bfc062723c751e8b465ee728b)
Start importing Assets/Mod Assets/ModResources/BillboardMaterials/Billboard Content.mat using Guid(ba793090d6ae148e9a8a50996460f4f1) Importer(815301076,1909f56bfc062723c751e8b465ee728b)  -> (artifact id: 'dc92d66506a303054fe62b9aba39e9de') in 0.011170 seconds 
  Import took 0.014759 seconds .

========================================================================
Received Import Request.
  Time since last request: 0.000242 seconds.
  path: Assets/Mod Assets/Kart/Custom Materials/Basic Red.mat
  artifactKey: Guid(6487fdefd669d4dbc91709a177cd4b93) Importer(815301076,1909f56bfc062723c751e8b465ee728b)
Start importing Assets/Mod Assets/Kart/Custom Materials/Basic Red.mat using Guid(6487fdefd669d4dbc91709a177cd4b93) Importer(815301076,1909f56bfc062723c751e8b465ee728b)  -> (artifact id: '70e34f3cd713cc9267a83bebf4c1bef0') in 0.011709 seconds 
  Import took 0.015896 seconds .

========================================================================
Received Import Request.
  Time since last request: 0.000146 seconds.
  path: Assets/Mod Assets/ModResources/Fonts/CormorantUnicase-Regular SDF.asset
  artifactKey: Guid(ba62bccd3bc0142bc9a0bc1addeaadce) Importer(815301076,1909f56bfc062723c751e8b465ee728b)
Start importing Assets/Mod Assets/ModResources/Fonts/CormorantUnicase-Regular SDF.asset using Guid(ba62bccd3bc0142bc9a0bc1addeaadce) Importer(815301076,1909f56bfc062723c751e8b465ee728b)  -> (artifact id: '893fea6d3f64150b0a0c086fc1f095a1') in 0.047627 seconds 
  Import took 0.051139 seconds .

========================================================================
Received Import Request.
  Time since last request: 0.000153 seconds.
  path: Assets/Mod Assets/3DProps/NatureProps/FlowerBush.fbx
  artifactKey: Guid(decf25da566de433cb1a874aa0e6dd00) Importer(815301076,1909f56bfc062723c751e8b465ee728b)
Start importing Assets/Mod Assets/3DProps/NatureProps/FlowerBush.fbx using Guid(decf25da566de433cb1a874aa0e6dd00) Importer(815301076,1909f56bfc062723c751e8b465ee728b)  -> (artifact id: '3728454a5d3efb0bb7b4424b15dd2489') in 0.028598 seconds 
  Import took 0.032322 seconds .

========================================================================
Received Import Request.
  Time since last request: 0.000152 seconds.
  path: Assets/Mod Assets/Kart/Custom Materials/Glass Clear.mat
  artifactKey: Guid(0a7aee634f0a04f16a55b768e33e5040) Importer(815301076,1909f56bfc062723c751e8b465ee728b)
Start importing Assets/Mod Assets/Kart/Custom Materials/Glass Clear.mat using Guid(0a7aee634f0a04f16a55b768e33e5040) Importer(815301076,1909f56bfc062723c751e8b465ee728b)  -> (artifact id: 'f38bcd522210d5f6fb153c56081992c2') in 0.188647 seconds 
  Import took 0.192094 seconds .

========================================================================
Received Import Request.
  Time since last request: 0.000158 seconds.
  path: Packages/com.unity.probuilder/Content/Resources/Materials/FacePicker.mat
  artifactKey: Guid(5695904020f064fdab5ad265b274a616) Importer(815301076,1909f56bfc062723c751e8b465ee728b)
Start importing Packages/com.unity.probuilder/Content/Resources/Materials/FacePicker.mat using Guid(5695904020f064fdab5ad265b274a616) Importer(815301076,1909f56bfc062723c751e8b465ee728b)  -> (artifact id: 'da369baaf4afd45b006ccee26dd20417') in 0.011632 seconds 
  Import took 0.015180 seconds .

========================================================================
Received Import Request.
  Time since last request: 0.000172 seconds.
  path: Assets/Mod Assets/3DProps/NatureProps/FallenTree.fbx
  artifactKey: Guid(eaf3edd0ef88ac84c970b62f673ed6b0) Importer(815301076,1909f56bfc062723c751e8b465ee728b)
Start importing Assets/Mod Assets/3DProps/NatureProps/FallenTree.fbx using Guid(eaf3edd0ef88ac84c970b62f673ed6b0) Importer(815301076,1909f56bfc062723c751e8b465ee728b)  -> (artifact id: '9e9426f2f16e2834421ab847efda1b31') in 0.021593 seconds 
  Import took 0.025336 seconds .

========================================================================
Received Import Request.
  Time since last request: 0.000152 seconds.
  path: Assets/Karting/Art/Materials/Props/CheckPoint_Particle.mat
  artifactKey: Guid(9b4fae447e271f94dbceadcb2b680633) Importer(815301076,1909f56bfc062723c751e8b465ee728b)
Start importing Assets/Karting/Art/Materials/Props/CheckPoint_Particle.mat using Guid(9b4fae447e271f94dbceadcb2b680633) Importer(815301076,1909f56bfc062723c751e8b465ee728b)  -> (artifact id: 'c1713a9b62eac676e7d98dcd6346ce57') in 0.073482 seconds 
  Import took 0.077071 seconds .

========================================================================
Received Import Request.
  Time since last request: 0.000189 seconds.
  path: Assets/Mod Assets/3DProps/FoodProps/Cookie.fbx
  artifactKey: Guid(a8f127f4a0a19407db2b784d5ae1b637) Importer(815301076,1909f56bfc062723c751e8b465ee728b)
Start importing Assets/Mod Assets/3DProps/FoodProps/Cookie.fbx using Guid(a8f127f4a0a19407db2b784d5ae1b637) Importer(815301076,1909f56bfc062723c751e8b465ee728b)  -> (artifact id: 'f3a75e46e54a6d85cb73b3bdb5a7253f') in 0.025461 seconds 
  Import took 0.029055 seconds .

========================================================================
Received Import Request.
  Time since last request: 0.000161 seconds.
  path: Assets/Mod Assets/Kart/Custom Materials/Basic Green.mat
  artifactKey: Guid(85a5f987437cc4794b97b153a23d7ccb) Importer(815301076,1909f56bfc062723c751e8b465ee728b)
Start importing Assets/Mod Assets/Kart/Custom Materials/Basic Green.mat using Guid(85a5f987437cc4794b97b153a23d7ccb) Importer(815301076,1909f56bfc062723c751e8b465ee728b)  -> (artifact id: '62dc85c76900c45e23522f1dade9d1a4') in 0.010329 seconds 
  Import took 0.013934 seconds .

========================================================================
Received Import Request.
  Time since last request: 0.000209 seconds.
  path: Assets/Mod Assets/3DProps/SpaceProps/Asteroid.fbx
  artifactKey: Guid(738cfb63efae84af7b2446470711e751) Importer(815301076,1909f56bfc062723c751e8b465ee728b)
Start importing Assets/Mod Assets/3DProps/SpaceProps/Asteroid.fbx using Guid(738cfb63efae84af7b2446470711e751) Importer(815301076,1909f56bfc062723c751e8b465ee728b)  -> (artifact id: '033bc44fdbc07b7e7df7527eb40ca94c') in 0.021882 seconds 
  Import took 0.026858 seconds .

========================================================================
Received Import Request.
  Time since last request: 0.000172 seconds.
  path: Assets/Mod Assets/ModResources/BillboardMaterials/Billboard Frame.mat
  artifactKey: Guid(190c04ee61aaa410e8650f7fc1ce7f41) Importer(815301076,1909f56bfc062723c751e8b465ee728b)
Start importing Assets/Mod Assets/ModResources/BillboardMaterials/Billboard Frame.mat using Guid(190c04ee61aaa410e8650f7fc1ce7f41) Importer(815301076,1909f56bfc062723c751e8b465ee728b)  -> (artifact id: '629823fab60ac4cce35391ee7f4ba786') in 0.009992 seconds 
  Import took 0.013623 seconds .

========================================================================
Received Import Request.
  Time since last request: 0.000163 seconds.
  path: Assets/Mod Assets/Kart/Custom Materials/Basic Blue.mat
  artifactKey: Guid(de7902ac5f1ca46b9894eae94bfe5e58) Importer(815301076,1909f56bfc062723c751e8b465ee728b)
Start importing Assets/Mod Assets/Kart/Custom Materials/Basic Blue.mat using Guid(de7902ac5f1ca46b9894eae94bfe5e58) Importer(815301076,1909f56bfc062723c751e8b465ee728b)  -> (artifact id: '12e828fe74c248f314c591adf1706ab6') in 0.011518 seconds 
  Import took 0.015097 seconds .

========================================================================
Received Import Request.
  Time since last request: 0.000159 seconds.
  path: Assets/Mod Assets/3DProps/NatureProps/FirTree.fbx
  artifactKey: Guid(5fc0e3d37ec294384aaa0b18e537ff86) Importer(815301076,1909f56bfc062723c751e8b465ee728b)
Start importing Assets/Mod Assets/3DProps/NatureProps/FirTree.fbx using Guid(5fc0e3d37ec294384aaa0b18e537ff86) Importer(815301076,1909f56bfc062723c751e8b465ee728b)  -> (artifact id: '0d033014e3b8e8e3f1b7fe73de140511') in 0.026116 seconds 
  Import took 0.029801 seconds .

========================================================================
Received Import Request.
  Time since last request: 0.000159 seconds.
  path: Assets/Mod Assets/3DProps/NatureProps/Cactus.fbx
  artifactKey: Guid(abd8d6df37cf14c4485291b3d13cd460) Importer(815301076,1909f56bfc062723c751e8b465ee728b)
Start importing Assets/Mod Assets/3DProps/NatureProps/Cactus.fbx using Guid(abd8d6df37cf14c4485291b3d13cd460) Importer(815301076,1909f56bfc062723c751e8b465ee728b)  -> (artifact id: 'fbd316c064faaf7f7a6d0fe5eff924ce') in 0.019711 seconds 
  Import took 0.023777 seconds .

========================================================================
Received Import Request.
  Time since last request: 0.000169 seconds.
  path: Packages/com.unity.probuilder/Content/Resources/Materials/EdgePickerHDRP.mat
  artifactKey: Guid(980c24c5a501a9a429356d191ad356a9) Importer(815301076,1909f56bfc062723c751e8b465ee728b)
Start importing Packages/com.unity.probuilder/Content/Resources/Materials/EdgePickerHDRP.mat using Guid(980c24c5a501a9a429356d191ad356a9) Importer(815301076,1909f56bfc062723c751e8b465ee728b)  -> (artifact id: '33decfa6cfb705ae11e006f27edcee1d') in 0.010109 seconds 
  Import took 0.013765 seconds .

========================================================================
Received Import Request.
  Time since last request: 0.000151 seconds.
  path: Assets/Mod Assets/Kart/Custom Materials/Basic White.mat
  artifactKey: Guid(80aca137a2109463fb6c86f09a521374) Importer(815301076,1909f56bfc062723c751e8b465ee728b)
Start importing Assets/Mod Assets/Kart/Custom Materials/Basic White.mat using Guid(80aca137a2109463fb6c86f09a521374) Importer(815301076,1909f56bfc062723c751e8b465ee728b)  -> (artifact id: '03a70eb3cd7eeda68d919bc5c4cfb0ac') in 0.010796 seconds 
  Import took 0.014355 seconds .

========================================================================
Received Import Request.
  Time since last request: 0.000210 seconds.
  path: Assets/Mod Assets/ModResources/TrailMaterials/FireTrailMaterial.mat
  artifactKey: Guid(1cdc620dc87bd45acbd2dfd2cc6560eb) Importer(815301076,1909f56bfc062723c751e8b465ee728b)
Start importing Assets/Mod Assets/ModResources/TrailMaterials/FireTrailMaterial.mat using Guid(1cdc620dc87bd45acbd2dfd2cc6560eb) Importer(815301076,1909f56bfc062723c751e8b465ee728b)  -> (artifact id: '26dd014fb4ce7a880f3b8c3d1e255279') in 0.050633 seconds 
  Import took 0.054365 seconds .

========================================================================
Received Import Request.
  Time since last request: 0.000135 seconds.
  path: Assets/Karting/Art/Materials/Level/Default.mat
  artifactKey: Guid(5771eb136bbe5f44ca09b5fc7d1ba8fa) Importer(815301076,1909f56bfc062723c751e8b465ee728b)
Start importing Assets/Karting/Art/Materials/Level/Default.mat using Guid(5771eb136bbe5f44ca09b5fc7d1ba8fa) Importer(815301076,1909f56bfc062723c751e8b465ee728b)  -> (artifact id: 'dde329821c785be1655c329a423f47a5') in 0.071188 seconds 
  Import took 0.074913 seconds .

========================================================================
Received Import Request.
  Time since last request: 0.000195 seconds.
  path: Packages/com.unity.probuilder/Content/Resources/Materials/Collider.mat
  artifactKey: Guid(bbb235fff4f48426b863b36058ab66d2) Importer(815301076,1909f56bfc062723c751e8b465ee728b)
Start importing Packages/com.unity.probuilder/Content/Resources/Materials/Collider.mat using Guid(bbb235fff4f48426b863b36058ab66d2) Importer(815301076,1909f56bfc062723c751e8b465ee728b)  -> (artifact id: '6dde1bac2ad012e2d324c95068595eb9') in 0.034851 seconds 
  Import took 0.038544 seconds .

========================================================================
Received Import Request.
  Time since last request: 0.000158 seconds.
  path: Packages/com.unity.probuilder/Content/Resources/Materials/EdgePicker.mat
  artifactKey: Guid(4ff996e3a0a5743a3987ab6231160665) Importer(815301076,1909f56bfc062723c751e8b465ee728b)
Start importing Packages/com.unity.probuilder/Content/Resources/Materials/EdgePicker.mat using Guid(4ff996e3a0a5743a3987ab6231160665) Importer(815301076,1909f56bfc062723c751e8b465ee728b)  -> (artifact id: '43001de2d14385877abef7048657f440') in 0.010336 seconds 
  Import took 0.013878 seconds .

========================================================================
Received Import Request.
  Time since last request: 0.000170 seconds.
  path: Packages/com.unity.probuilder/Content/Material/Checker.mat
  artifactKey: Guid(4717b199010ca4cb3a8a7a465ec457d2) Importer(815301076,1909f56bfc062723c751e8b465ee728b)
Start importing Packages/com.unity.probuilder/Content/Material/Checker.mat using Guid(4717b199010ca4cb3a8a7a465ec457d2) Importer(815301076,1909f56bfc062723c751e8b465ee728b)  -> (artifact id: '42a84e2769e4a237bb8b136e93521f0a') in 0.015105 seconds 
  Import took 0.018894 seconds .

========================================================================
Received Import Request.
  Time since last request: 0.000208 seconds.
  path: Assets/Mod Assets/3DProps/FoodProps/Donut.fbx
  artifactKey: Guid(b121577100373491d839adcc51d30452) Importer(815301076,1909f56bfc062723c751e8b465ee728b)
Start importing Assets/Mod Assets/3DProps/FoodProps/Donut.fbx using Guid(b121577100373491d839adcc51d30452) Importer(815301076,1909f56bfc062723c751e8b465ee728b)  -> (artifact id: '4000b3af4dce0ca6459d4f6706dfbf71') in 0.037842 seconds 
  Import took 0.042177 seconds .

========================================================================
Received Import Request.
  Time since last request: 0.000150 seconds.
  path: Assets/Mod Assets/3DProps/SpaceProps/Crystal.fbx
  artifactKey: Guid(6b2dfb46096eb400e8d5de95609e53b3) Importer(815301076,1909f56bfc062723c751e8b465ee728b)
Start importing Assets/Mod Assets/3DProps/SpaceProps/Crystal.fbx using Guid(6b2dfb46096eb400e8d5de95609e53b3) Importer(815301076,1909f56bfc062723c751e8b465ee728b)  -> (artifact id: 'a13d3027eec5d882d99d462e7af41668') in 0.022257 seconds 
  Import took 0.025961 seconds .

========================================================================
Received Import Request.
  Time since last request: 0.000179 seconds.
  path: Assets/Karting/Art/Materials/VFX/Beam.mat
  artifactKey: Guid(244044ffce533c040abcdd125591b6fd) Importer(815301076,1909f56bfc062723c751e8b465ee728b)
Start importing Assets/Karting/Art/Materials/VFX/Beam.mat using Guid(244044ffce533c040abcdd125591b6fd) Importer(815301076,1909f56bfc062723c751e8b465ee728b)  -> (artifact id: 'a130ac3854fea8f616b9ba3e6e94ff06') in 0.036713 seconds 
  Import took 0.041014 seconds .

========================================================================
Received Import Request.
  Time since last request: 0.000151 seconds.
  path: Assets/Karting/Art/Materials/Props/Checkpoint.mat
  artifactKey: Guid(9168b1bbaf2253e4c819e2b6304463b1) Importer(815301076,1909f56bfc062723c751e8b465ee728b)
Start importing Assets/Karting/Art/Materials/Props/Checkpoint.mat using Guid(9168b1bbaf2253e4c819e2b6304463b1) Importer(815301076,1909f56bfc062723c751e8b465ee728b)  -> (artifact id: 'fcc209b0c73e32df4de129536a10f6ac') in 0.010884 seconds 
  Import took 0.014613 seconds .

========================================================================
Received Import Request.
  Time since last request: 0.000172 seconds.
  path: Assets/Karting/Art/Models/Kart_Classic/KartClassic_Piece.FBX
  artifactKey: Guid(f646448445cac684aa700a02a5b06ae5) Importer(815301076,1909f56bfc062723c751e8b465ee728b)
Start importing Assets/Karting/Art/Models/Kart_Classic/KartClassic_Piece.FBX using Guid(f646448445cac684aa700a02a5b06ae5) Importer(815301076,1909f56bfc062723c751e8b465ee728b)  -> (artifact id: 'c112042a2b08a79ffc3980d7121d5a12') in 0.072014 seconds 
  Import took 0.076408 seconds .

========================================================================
Received Import Request.
  Time since last request: 0.000155 seconds.
  path: Assets/Karting/Art/Materials/Level/Cloud.mat
  artifactKey: Guid(148eef3fd1efb4869a34ac3d7cf100cc) Importer(815301076,1909f56bfc062723c751e8b465ee728b)
Start importing Assets/Karting/Art/Materials/Level/Cloud.mat using Guid(148eef3fd1efb4869a34ac3d7cf100cc) Importer(815301076,1909f56bfc062723c751e8b465ee728b)  -> (artifact id: 'adb46b8118b6d32c677e9ed097c77474') in 0.010451 seconds 
  Import took 0.013988 seconds .

========================================================================
Received Import Request.
  Time since last request: 0.000161 seconds.
  path: Assets/Mod Assets/ModResources/Fonts/BioRhymeExpanded-Regular SDF.asset
  artifactKey: Guid(2d0aaede2506c4ca0969c32576224028) Importer(815301076,1909f56bfc062723c751e8b465ee728b)
Start importing Assets/Mod Assets/ModResources/Fonts/BioRhymeExpanded-Regular SDF.asset using Guid(2d0aaede2506c4ca0969c32576224028) Importer(815301076,1909f56bfc062723c751e8b465ee728b)  -> (artifact id: '83d6b2ef3b2000cb45d9d391a6b5fe90') in 0.023479 seconds 
  Import took 0.027176 seconds .

========================================================================
Received Import Request.
  Time since last request: 0.000219 seconds.
  path: Assets/Mod Assets/ModResources/Fonts/DancingScript-Regular SDF.asset
  artifactKey: Guid(7b50419dd5d254755b7929b05d413472) Importer(815301076,1909f56bfc062723c751e8b465ee728b)
Start importing Assets/Mod Assets/ModResources/Fonts/DancingScript-Regular SDF.asset using Guid(7b50419dd5d254755b7929b05d413472) Importer(815301076,1909f56bfc062723c751e8b465ee728b)  -> (artifact id: '1f9773bc2c365b515488eb5512e31e54') in 0.020183 seconds 
  Import took 0.024514 seconds .

========================================================================
Received Import Request.
  Time since last request: 0.000191 seconds.
  path: Packages/com.unity.probuilder/Content/Resources/Materials/FacePickerHDRP.mat
  artifactKey: Guid(a53ef0dd76f2fe74eb5f43267d7c0195) Importer(815301076,1909f56bfc062723c751e8b465ee728b)
Start importing Packages/com.unity.probuilder/Content/Resources/Materials/FacePickerHDRP.mat using Guid(a53ef0dd76f2fe74eb5f43267d7c0195) Importer(815301076,1909f56bfc062723c751e8b465ee728b)  -> (artifact id: 'add80a3d64b07dfc9a17249e23d68a62') in 0.010544 seconds 
  Import took 0.014441 seconds .

========================================================================
Received Import Request.
  Time since last request: 0.000176 seconds.
  path: Assets/Mod Assets/Kart/Custom Materials/Basic Black.mat
  artifactKey: Guid(dc263f8d5174d45c0a98e6489eca16c5) Importer(815301076,1909f56bfc062723c751e8b465ee728b)
Start importing Assets/Mod Assets/Kart/Custom Materials/Basic Black.mat using Guid(dc263f8d5174d45c0a98e6489eca16c5) Importer(815301076,1909f56bfc062723c751e8b465ee728b)  -> (artifact id: 'd4096358c73b1cce241ebdac26a983c2') in 0.010018 seconds 
  Import took 0.013596 seconds .

========================================================================
Received Import Request.
  Time since last request: 0.000164 seconds.
  path: Assets/Karting/Art/Materials/Level/CurvedRamp.mat
  artifactKey: Guid(ee7f46bd01c51304eb1c70ef2a97b5b9) Importer(815301076,1909f56bfc062723c751e8b465ee728b)
Start importing Assets/Karting/Art/Materials/Level/CurvedRamp.mat using Guid(ee7f46bd01c51304eb1c70ef2a97b5b9) Importer(815301076,1909f56bfc062723c751e8b465ee728b)  -> (artifact id: 'ead0d6e460109542982db93292c7a829') in 0.011877 seconds 
  Import took 0.015513 seconds .

========================================================================
Received Import Request.
  Time since last request: 0.000225 seconds.
  path: Packages/com.unity.connect.share/UI/MaterialIcons-Regular.ttf
  artifactKey: Guid(f7f3465ef34b34633aea2c0de2e88bdb) Importer(815301076,1909f56bfc062723c751e8b465ee728b)
Start importing Packages/com.unity.connect.share/UI/MaterialIcons-Regular.ttf using Guid(f7f3465ef34b34633aea2c0de2e88bdb) Importer(815301076,1909f56bfc062723c751e8b465ee728b)  -> (artifact id: 'f87ea4d4c7843de4dc322176e09f4423') in 0.028448 seconds 
  Import took 0.032669 seconds .

========================================================================
Received Import Request.
  Time since last request: 0.000156 seconds.
  path: Assets/Mod Assets/ModResources/Fonts/Bangers-Regular SDF.asset
  artifactKey: Guid(0e141b3397d234c8685509c5d77ebcf1) Importer(815301076,1909f56bfc062723c751e8b465ee728b)
Start importing Assets/Mod Assets/ModResources/Fonts/Bangers-Regular SDF.asset using Guid(0e141b3397d234c8685509c5d77ebcf1) Importer(815301076,1909f56bfc062723c751e8b465ee728b)  -> (artifact id: '71abc197511c9f1d95fe55f2af01a544') in 0.018663 seconds 
  Import took 0.022291 seconds .

========================================================================
Received Import Request.
  Time since last request: 0.000192 seconds.
  path: Packages/com.unity.connect.share/UI/MaterialIcons-Regular.ttf
  artifactKey: Guid(f7f3465ef34b34633aea2c0de2e88bdb) Importer(815301076,1909f56bfc062723c751e8b465ee728b)
Start importing Packages/com.unity.connect.share/UI/MaterialIcons-Regular.ttf using Guid(f7f3465ef34b34633aea2c0de2e88bdb) Importer(815301076,1909f56bfc062723c751e8b465ee728b)  -> (artifact id: 'f87ea4d4c7843de4dc322176e09f4423') in 0.008756 seconds 
  Import took 0.012398 seconds .

========================================================================
Received Import Request.
  Time since last request: 2.216181 seconds.
  path: Packages/com.unity.connect.share/Editor/Resources/Light/html5-logo.png
  artifactKey: Guid(7f9afac6b75cf4378a2dd104851c5548) Importer(815301076,1909f56bfc062723c751e8b465ee728b)
Start importing Packages/com.unity.connect.share/Editor/Resources/Light/html5-logo.png using Guid(7f9afac6b75cf4378a2dd104851c5548) Importer(815301076,1909f56bfc062723c751e8b465ee728b)  -> (artifact id: 'c4f576a77a33b0f2ea64939dbb08205d') in 0.025041 seconds 
  Import took 0.029507 seconds .

========================================================================
Received Import Request.
  Time since last request: 0.000160 seconds.
  path: Packages/com.unity.ml-agents/Runtime/Grpc/Unity.ML-Agents.CommunicatorObjects.asmdef
  artifactKey: Guid(61c5b659adf544b4baf3eef86248e13a) Importer(815301076,1909f56bfc062723c751e8b465ee728b)
Start importing Packages/com.unity.ml-agents/Runtime/Grpc/Unity.ML-Agents.CommunicatorObjects.asmdef using Guid(61c5b659adf544b4baf3eef86248e13a) Importer(815301076,1909f56bfc062723c751e8b465ee728b)  -> (artifact id: 'a9bc053d20046563f70fbc3c3291fb35') in 0.006828 seconds 
  Import took 0.010495 seconds .

========================================================================
Received Import Request.
  Time since last request: 0.000162 seconds.
  path: Packages/com.unity.ml-agents/Tests/Editor/PublicAPI/Unity.ML-Agents.Editor.Tests.PublicAPI.asmdef
  artifactKey: Guid(38254a2538c8f42fb9f2057d17fd0e70) Importer(815301076,1909f56bfc062723c751e8b465ee728b)
Start importing Packages/com.unity.ml-agents/Tests/Editor/PublicAPI/Unity.ML-Agents.Editor.Tests.PublicAPI.asmdef using Guid(38254a2538c8f42fb9f2057d17fd0e70) Importer(815301076,1909f56bfc062723c751e8b465ee728b)  -> (artifact id: '32ec0daf0d7c3b8346e16be6e6ff64de') in 0.005804 seconds 
  Import took 0.009413 seconds .

========================================================================
Received Import Request.
  Time since last request: 0.000148 seconds.
  path: Packages/com.unity.ml-agents/Tests/Runtime/Unity.ML-Agents.Runtime.Tests.asmdef
  artifactKey: Guid(d29014db7ebcd4cf4a14f537fbf02110) Importer(815301076,1909f56bfc062723c751e8b465ee728b)
Start importing Packages/com.unity.ml-agents/Tests/Runtime/Unity.ML-Agents.Runtime.Tests.asmdef using Guid(d29014db7ebcd4cf4a14f537fbf02110) Importer(815301076,1909f56bfc062723c751e8b465ee728b)  -> (artifact id: 'ded7a261c05121029b007d72aed5c882') in 0.005643 seconds 
  Import took 0.009802 seconds .

========================================================================
Received Import Request.
  Time since last request: 0.000152 seconds.
  path: Packages/com.unity.ml-agents/Editor/Unity.ML-Agents.Editor.asmdef
  artifactKey: Guid(42675ddec8c314cf08d17ee0f6f5e5a5) Importer(815301076,1909f56bfc062723c751e8b465ee728b)
Start importing Packages/com.unity.ml-agents/Editor/Unity.ML-Agents.Editor.asmdef using Guid(42675ddec8c314cf08d17ee0f6f5e5a5) Importer(815301076,1909f56bfc062723c751e8b465ee728b)  -> (artifact id: '188b95ebba7ddd68a876ca636eb6cfa9') in 0.005830 seconds 
  Import took 0.010162 seconds .

========================================================================
Received Import Request.
  Time since last request: 0.000213 seconds.
  path: Packages/com.unity.ml-agents/Runtime/Unity.ML-Agents.asmdef
  artifactKey: Guid(85e0054f8e64b47309646d35f8851f81) Importer(815301076,1909f56bfc062723c751e8b465ee728b)
Start importing Packages/com.unity.ml-agents/Runtime/Unity.ML-Agents.asmdef using Guid(85e0054f8e64b47309646d35f8851f81) Importer(815301076,1909f56bfc062723c751e8b465ee728b)  -> (artifact id: '6e9995a00154f9895450dc9a29238022') in 0.005510 seconds 
  Import took 0.010078 seconds .

========================================================================
Received Import Request.
  Time since last request: 0.000152 seconds.
  path: Packages/com.unity.ml-agents/Tests/Editor/Unity.ML-Agents.Editor.Tests.asmdef
  artifactKey: Guid(57f6004a925b546cd94e94ed518e275d) Importer(815301076,1909f56bfc062723c751e8b465ee728b)
Start importing Packages/com.unity.ml-agents/Tests/Editor/Unity.ML-Agents.Editor.Tests.asmdef using Guid(57f6004a925b546cd94e94ed518e275d) Importer(815301076,1909f56bfc062723c751e8b465ee728b)  -> (artifact id: '100219aedff6bf5fdcb6364285b3fd44') in 0.005437 seconds 
  Import took 0.008993 seconds .

========================================================================
Received Import Request.
  Time since last request: 8.842473 seconds.
  path: Assets/Mod Assets/ModResources/BillboardMeshes/billboard_3D_basic.fbx
  artifactKey: Guid(ad9c1e36fab414677bc655cab88a1b71) Importer(815301076,1909f56bfc062723c751e8b465ee728b)
Start importing Assets/Mod Assets/ModResources/BillboardMeshes/billboard_3D_basic.fbx using Guid(ad9c1e36fab414677bc655cab88a1b71) Importer(815301076,1909f56bfc062723c751e8b465ee728b)  -> (artifact id: '44ac1524cce093c691a91aaf326cdd54') in 0.026331 seconds 
  Import took 0.031086 seconds .

========================================================================
Received Import Request.
  Time since last request: 0.000152 seconds.
  path: Assets/Karting/Art/Models/Building04WallBarWindow.fbx
  artifactKey: Guid(ac00f20c6d5bd584e9999b1195b74bc4) Importer(815301076,1909f56bfc062723c751e8b465ee728b)
Start importing Assets/Karting/Art/Models/Building04WallBarWindow.fbx using Guid(ac00f20c6d5bd584e9999b1195b74bc4) Importer(815301076,1909f56bfc062723c751e8b465ee728b)  -> (artifact id: '50510a335a293857755d41086867a8d6') in 0.027075 seconds 
  Import took 0.031029 seconds .

========================================================================
Received Import Request.
  Time since last request: 0.000176 seconds.
  path: Assets/Karting/Art/Models/BuildingRoofDoor.fbx
  artifactKey: Guid(48f14f1a2f8d5bd43bf543aeb9752ff6) Importer(815301076,1909f56bfc062723c751e8b465ee728b)
Start importing Assets/Karting/Art/Models/BuildingRoofDoor.fbx using Guid(48f14f1a2f8d5bd43bf543aeb9752ff6) Importer(815301076,1909f56bfc062723c751e8b465ee728b)  -> (artifact id: '62a6d55e72355e3ec4444ca6072522fa') in 0.022190 seconds 
  Import took 0.026631 seconds .

========================================================================
Received Import Request.
  Time since last request: 0.000161 seconds.
  path: Assets/Karting/Art/Models/Building01WallPlain.fbx
  artifactKey: Guid(ca9914f098c088e4a879c7fd31109c95) Importer(815301076,1909f56bfc062723c751e8b465ee728b)
Start importing Assets/Karting/Art/Models/Building01WallPlain.fbx using Guid(ca9914f098c088e4a879c7fd31109c95) Importer(815301076,1909f56bfc062723c751e8b465ee728b)  -> (artifact id: 'ffa3ca9d2496bf98332b0234e2357c82') in 0.018666 seconds 
  Import took 0.022671 seconds .

========================================================================
Received Import Request.
  Time since last request: 0.000170 seconds.
  path: Assets/Karting/Art/Models/BuildingRoofCentral.fbx
  artifactKey: Guid(0a64fcbabe32dac42b6b77115813e42d) Importer(815301076,1909f56bfc062723c751e8b465ee728b)
Start importing Assets/Karting/Art/Models/BuildingRoofCentral.fbx using Guid(0a64fcbabe32dac42b6b77115813e42d) Importer(815301076,1909f56bfc062723c751e8b465ee728b)  -> (artifact id: '8b48553c288cfeba2337613edc7297b9') in 0.018374 seconds 
  Import took 0.022093 seconds .

========================================================================
Received Import Request.
  Time since last request: 0.000173 seconds.
  path: Assets/Karting/Art/Models/BuildingRoofCorner.fbx
  artifactKey: Guid(f46a9f80d31a32e47a57aa4858036430) Importer(815301076,1909f56bfc062723c751e8b465ee728b)
Start importing Assets/Karting/Art/Models/BuildingRoofCorner.fbx using Guid(f46a9f80d31a32e47a57aa4858036430) Importer(815301076,1909f56bfc062723c751e8b465ee728b)  -> (artifact id: 'd07ac446d9f80e129030bbcbd4096609') in 0.018417 seconds 
  Import took 0.023198 seconds .

========================================================================
Received Import Request.
  Time since last request: 0.000251 seconds.
  path: Assets/Karting/Art/Models/BuildingShortModel.fbx
  artifactKey: Guid(c2c0d74b41b8c4077b14073abca6504f) Importer(815301076,1909f56bfc062723c751e8b465ee728b)
Start importing Assets/Karting/Art/Models/BuildingShortModel.fbx using Guid(c2c0d74b41b8c4077b14073abca6504f) Importer(815301076,1909f56bfc062723c751e8b465ee728b)  -> (artifact id: '861ea1d12dc5a72ed11006d1915866d9') in 0.022788 seconds 
  Import took 0.027408 seconds .

========================================================================
Received Import Request.
  Time since last request: 0.000170 seconds.
  path: Assets/Karting/Art/Models/CheckpointRing.fbx
  artifactKey: Guid(84a7b40117d0ef4459d027ff7e7a1cc5) Importer(815301076,1909f56bfc062723c751e8b465ee728b)
Start importing Assets/Karting/Art/Models/CheckpointRing.fbx using Guid(84a7b40117d0ef4459d027ff7e7a1cc5) Importer(815301076,1909f56bfc062723c751e8b465ee728b)  -> (artifact id: 'eda4ba88659c5e2e9d384ff3a2ff7914') in 0.017670 seconds 
  Import took 0.021928 seconds .

========================================================================
Received Import Request.
  Time since last request: 0.000142 seconds.
  path: Assets/Karting/Art/Models/Building01CornerPlain.fbx
  artifactKey: Guid(ee73619a09d1dc54ca72cdbc2a1d3c58) Importer(815301076,1909f56bfc062723c751e8b465ee728b)
Start importing Assets/Karting/Art/Models/Building01CornerPlain.fbx using Guid(ee73619a09d1dc54ca72cdbc2a1d3c58) Importer(815301076,1909f56bfc062723c751e8b465ee728b)  -> (artifact id: 'de5b16a1fc190d657576b14e9cf73f3e') in 0.026666 seconds 
  Import took 0.030776 seconds .

========================================================================
Received Import Request.
  Time since last request: 0.000166 seconds.
  path: Assets/Karting/Art/Models/BuildingShortVariantModel.fbx
  artifactKey: Guid(ea9b690577e1e4787b7a0ba1e8bde702) Importer(815301076,1909f56bfc062723c751e8b465ee728b)
Start importing Assets/Karting/Art/Models/BuildingShortVariantModel.fbx using Guid(ea9b690577e1e4787b7a0ba1e8bde702) Importer(815301076,1909f56bfc062723c751e8b465ee728b)  -> (artifact id: '8e3e9f23cf504d1af2791d4103efd3c1') in 0.025801 seconds 
  Import took 0.029579 seconds .

========================================================================
Received Import Request.
  Time since last request: 0.000223 seconds.
  path: Assets/Karting/Art/Models/Building03WallWideWindow.fbx
  artifactKey: Guid(8021d7313a3bc1240bb3e96d591721bf) Importer(815301076,1909f56bfc062723c751e8b465ee728b)
Start importing Assets/Karting/Art/Models/Building03WallWideWindow.fbx using Guid(8021d7313a3bc1240bb3e96d591721bf) Importer(815301076,1909f56bfc062723c751e8b465ee728b)  -> (artifact id: '332074b7b367a98515451117f241a841') in 0.016876 seconds 
  Import took 0.020718 seconds .

========================================================================
Received Import Request.
  Time since last request: 0.000173 seconds.
  path: Assets/Karting/Art/Models/Building02WallBricks.fbx
  artifactKey: Guid(b12206d774dc7c94881f7f13f3dc81e2) Importer(815301076,1909f56bfc062723c751e8b465ee728b)
Start importing Assets/Karting/Art/Models/Building02WallBricks.fbx using Guid(b12206d774dc7c94881f7f13f3dc81e2) Importer(815301076,1909f56bfc062723c751e8b465ee728b)  -> (artifact id: '61f83eaf115350b9260e4553c922bc4f') in 0.018293 seconds 
  Import took 0.022174 seconds .

========================================================================
Received Import Request.
  Time since last request: 0.000164 seconds.
  path: Assets/Karting/Art/Models/BuildingAirConditioner.fbx
  artifactKey: Guid(a1115a8b4e0c27d43883e5bf6d307390) Importer(815301076,1909f56bfc062723c751e8b465ee728b)
Start importing Assets/Karting/Art/Models/BuildingAirConditioner.fbx using Guid(a1115a8b4e0c27d43883e5bf6d307390) Importer(815301076,1909f56bfc062723c751e8b465ee728b)  -> (artifact id: '59779652d6784e0a6aa9824d518cbadb') in 0.019953 seconds 
  Import took 0.024095 seconds .

========================================================================
Received Import Request.
  Time since last request: 0.000207 seconds.
  path: Assets/Mod Assets/ModResources/HatMeshes/GlassesMesh.fbx
  artifactKey: Guid(be949c77dc28c459280b4981f6495d99) Importer(815301076,1909f56bfc062723c751e8b465ee728b)
Start importing Assets/Mod Assets/ModResources/HatMeshes/GlassesMesh.fbx using Guid(be949c77dc28c459280b4981f6495d99) Importer(815301076,1909f56bfc062723c751e8b465ee728b)  -> (artifact id: '0b0ad274ee3002a8752bdfc81c5ec21a') in 0.023153 seconds 
  Import took 0.026858 seconds .

========================================================================
Received Import Request.
  Time since last request: 0.000142 seconds.
  path: Assets/Karting/Art/Models/Horizon.FBX
  artifactKey: Guid(18f9f64257e02ef41831fe2f867cb118) Importer(815301076,1909f56bfc062723c751e8b465ee728b)
Start importing Assets/Karting/Art/Models/Horizon.FBX using Guid(18f9f64257e02ef41831fe2f867cb118) Importer(815301076,1909f56bfc062723c751e8b465ee728b)  -> (artifact id: '4004b7976ac1a59af4e383c59b25ad7a') in 0.014615 seconds 
  Import took 0.018398 seconds .

========================================================================
Received Import Request.
  Time since last request: 0.000166 seconds.
  path: Assets/Karting/Art/Models/Kart_Classic/KartClassic_Body.fbx
  artifactKey: Guid(d3aa50a8114db7a4e95c5cb29a283ac4) Importer(815301076,1909f56bfc062723c751e8b465ee728b)
Start importing Assets/Karting/Art/Models/Kart_Classic/KartClassic_Body.fbx using Guid(d3aa50a8114db7a4e95c5cb29a283ac4) Importer(815301076,1909f56bfc062723c751e8b465ee728b)  -> (artifact id: '1bdf08397c6539226ba3d1aa38028c78') in 0.019294 seconds 
  Import took 0.023205 seconds .

========================================================================
Received Import Request.
  Time since last request: 0.000158 seconds.
  path: Assets/Karting/Art/Models/Cloud.FBX
  artifactKey: Guid(0829d76c4806eb54b8b2f17eec10f4e6) Importer(815301076,1909f56bfc062723c751e8b465ee728b)
Start importing Assets/Karting/Art/Models/Cloud.FBX using Guid(0829d76c4806eb54b8b2f17eec10f4e6) Importer(815301076,1909f56bfc062723c751e8b465ee728b)  -> (artifact id: 'bf5fd237f2cb8ef5e87778a183ecce5d') in 0.014651 seconds 
  Import took 0.018538 seconds .

========================================================================
Received Import Request.
  Time since last request: 0.000185 seconds.
  path: Assets/Karting/Art/Models/Building03CornerWideWindow.fbx
  artifactKey: Guid(2dc0b90df1333dc469eeb6cff505ccb5) Importer(815301076,1909f56bfc062723c751e8b465ee728b)
Start importing Assets/Karting/Art/Models/Building03CornerWideWindow.fbx using Guid(2dc0b90df1333dc469eeb6cff505ccb5) Importer(815301076,1909f56bfc062723c751e8b465ee728b)  -> (artifact id: '8a15004b31150365e414a976284f704a') in 0.018314 seconds 
  Import took 0.022434 seconds .

========================================================================
Received Import Request.
  Time since last request: 0.000184 seconds.
  path: Assets/Mod Assets/ModResources/BillboardMeshes/billboard_3D_tall.fbx
  artifactKey: Guid(ae9da133c804d4fd8b985969f814bfdc) Importer(815301076,1909f56bfc062723c751e8b465ee728b)
Start importing Assets/Mod Assets/ModResources/BillboardMeshes/billboard_3D_tall.fbx using Guid(ae9da133c804d4fd8b985969f814bfdc) Importer(815301076,1909f56bfc062723c751e8b465ee728b)  -> (artifact id: '1b0f9e16ce9d74e4eb28a39221a0e8cb') in 0.028320 seconds 
  Import took 0.032135 seconds .

========================================================================
Received Import Request.
  Time since last request: 0.000160 seconds.
  path: Assets/Karting/Art/Models/BuildingTallModel.fbx
  artifactKey: Guid(adb35abc445884745af48dba2016ddea) Importer(815301076,1909f56bfc062723c751e8b465ee728b)
Start importing Assets/Karting/Art/Models/BuildingTallModel.fbx using Guid(adb35abc445884745af48dba2016ddea) Importer(815301076,1909f56bfc062723c751e8b465ee728b)  -> (artifact id: 'f778ccc9109f6b2d2d7968a876a72c92') in 0.026843 seconds 
  Import took 0.030797 seconds .

========================================================================
Received Import Request.
  Time since last request: 0.000183 seconds.
  path: Assets/Karting/Art/Models/Building04CornerBarWindow.fbx
  artifactKey: Guid(15e65acc49c1d194f9a661fcbd8f8edf) Importer(815301076,1909f56bfc062723c751e8b465ee728b)
Start importing Assets/Karting/Art/Models/Building04CornerBarWindow.fbx using Guid(15e65acc49c1d194f9a661fcbd8f8edf) Importer(815301076,1909f56bfc062723c751e8b465ee728b)  -> (artifact id: 'c636b64f86a265804cf42cb65b4cc0d7') in 0.020092 seconds 
  Import took 0.024427 seconds .

========================================================================
Received Import Request.
  Time since last request: 0.000187 seconds.
  path: Assets/Karting/Art/Models/Building02CornerBricks.fbx
  artifactKey: Guid(91cfa91e879ed5e42ac5a4f865fc05d7) Importer(815301076,1909f56bfc062723c751e8b465ee728b)
Start importing Assets/Karting/Art/Models/Building02CornerBricks.fbx using Guid(91cfa91e879ed5e42ac5a4f865fc05d7) Importer(815301076,1909f56bfc062723c751e8b465ee728b)  -> (artifact id: 'f0a82b5d7e3a41d1d838168afeac4c3e') in 0.019949 seconds 
  Import took 0.023773 seconds .

========================================================================
Received Import Request.
  Time since last request: 0.000211 seconds.
  path: Assets/Karting/Art/Models/Kart_Classic/KartClassic_Wheels.fbx
  artifactKey: Guid(305a556307b36464395aa157cffcd3db) Importer(815301076,1909f56bfc062723c751e8b465ee728b)
Start importing Assets/Karting/Art/Models/Kart_Classic/KartClassic_Wheels.fbx using Guid(305a556307b36464395aa157cffcd3db) Importer(815301076,1909f56bfc062723c751e8b465ee728b)  -> (artifact id: 'acc02688339be6fabc615c36827b3a81') in 0.037821 seconds 
  Import took 0.042306 seconds .

========================================================================
Received Import Request.
  Time since last request: 0.000198 seconds.
  path: Assets/Karting/Art/Models/Building01WallDoor.fbx
  artifactKey: Guid(8d4337d55efa65a4d8107eead99ff7b7) Importer(815301076,1909f56bfc062723c751e8b465ee728b)
Start importing Assets/Karting/Art/Models/Building01WallDoor.fbx using Guid(8d4337d55efa65a4d8107eead99ff7b7) Importer(815301076,1909f56bfc062723c751e8b465ee728b)  -> (artifact id: '6f731ef384fc4a2552f762332ff63d2d') in 0.018217 seconds 
  Import took 0.022061 seconds .

========================================================================
Received Import Request.
  Time since last request: 0.000184 seconds.
  path: Assets/Karting/Art/Models/BowlingPin.fbx
  artifactKey: Guid(3760fc2bfbb77904ab1a129dbed3c531) Importer(815301076,1909f56bfc062723c751e8b465ee728b)
Start importing Assets/Karting/Art/Models/BowlingPin.fbx using Guid(3760fc2bfbb77904ab1a129dbed3c531) Importer(815301076,1909f56bfc062723c751e8b465ee728b)  -> (artifact id: 'af4abb9fba0a20cbf188bea9f8204bda') in 0.017431 seconds 
  Import took 0.021238 seconds .

========================================================================
Received Import Request.
  Time since last request: 0.000186 seconds.
  path: Assets/Karting/Art/Models/BuildingRoofWalls.fbx
  artifactKey: Guid(96819d445b8f3e54bafac2405ab1e2e3) Importer(815301076,1909f56bfc062723c751e8b465ee728b)
Start importing Assets/Karting/Art/Models/BuildingRoofWalls.fbx using Guid(96819d445b8f3e54bafac2405ab1e2e3) Importer(815301076,1909f56bfc062723c751e8b465ee728b)  -> (artifact id: '48eecca9ee2f5b436b78fe419cad20cb') in 0.019475 seconds 
  Import took 0.023195 seconds .

========================================================================
Received Import Request.
  Time since last request: 0.000246 seconds.
  path: Assets/Karting/Art/Models/Hill.fbx
  artifactKey: Guid(92bb9994204d1d44cb6223c53e4f84f8) Importer(815301076,1909f56bfc062723c751e8b465ee728b)
Start importing Assets/Karting/Art/Models/Hill.fbx using Guid(92bb9994204d1d44cb6223c53e4f84f8) Importer(815301076,1909f56bfc062723c751e8b465ee728b)  -> (artifact id: '0cdbcccd24686a5afa5682ad58fe9126') in 0.014319 seconds 
  Import took 0.018909 seconds .

========================================================================
Received Import Request.
  Time since last request: 0.000180 seconds.
  path: Assets/Karting/Art/Models/BuildingMediumModel.fbx
  artifactKey: Guid(ff205f5b9b7be4ff4b52365d65d4c8e3) Importer(815301076,1909f56bfc062723c751e8b465ee728b)
Start importing Assets/Karting/Art/Models/BuildingMediumModel.fbx using Guid(ff205f5b9b7be4ff4b52365d65d4c8e3) Importer(815301076,1909f56bfc062723c751e8b465ee728b)  -> (artifact id: '06b649b541b63a31202c8ffb36733e4d') in 0.024426 seconds 
  Import took 0.028199 seconds .

========================================================================
Received Import Request.
  Time since last request: 0.000149 seconds.
  path: Assets/Karting/Art/Models/GroundPlane.fbx
  artifactKey: Guid(21fe29e73ae4cc842b0d5e9ca6e345f9) Importer(815301076,1909f56bfc062723c751e8b465ee728b)
Start importing Assets/Karting/Art/Models/GroundPlane.fbx using Guid(21fe29e73ae4cc842b0d5e9ca6e345f9) Importer(815301076,1909f56bfc062723c751e8b465ee728b)  -> (artifact id: 'e24b97a15897ee248e4f5d9ba2ee5f41') in 0.015472 seconds 
  Import took 0.019275 seconds .

========================================================================
Received Import Request.
  Time since last request: 0.000253 seconds.
  path: Assets/Karting/Art/Models/BuildingThinModel.fbx
  artifactKey: Guid(4d5adf1f338cc40bf8ed376a09b0ac1c) Importer(815301076,1909f56bfc062723c751e8b465ee728b)
Start importing Assets/Karting/Art/Models/BuildingThinModel.fbx using Guid(4d5adf1f338cc40bf8ed376a09b0ac1c) Importer(815301076,1909f56bfc062723c751e8b465ee728b)  -> (artifact id: 'bad6bd079d2f01c07d05de7dd2a8573e') in 0.024485 seconds 
  Import took 0.028917 seconds .

========================================================================
Received Import Request.
  Time since last request: 0.000168 seconds.
  path: Assets/Mod Assets/3DProps/FoodProps/GummyBear.fbx
  artifactKey: Guid(58ea00b8d25e246b4aabc659dc7b33c4) Importer(815301076,1909f56bfc062723c751e8b465ee728b)
Start importing Assets/Mod Assets/3DProps/FoodProps/GummyBear.fbx using Guid(58ea00b8d25e246b4aabc659dc7b33c4) Importer(815301076,1909f56bfc062723c751e8b465ee728b)  -> (artifact id: '5c1e82d24422fc8dd7cd8874f81292f8') in 0.026728 seconds 
  Import took 0.030598 seconds .

========================================================================
Received Import Request.
  Time since last request: 36.686097 seconds.
  path: Assets/Karting/Scenes/MLTraining
  artifactKey: Guid(2132b0b06e57a5b4eb08d2fb744d38dd) Importer(815301076,1909f56bfc062723c751e8b465ee728b)
Start importing Assets/Karting/Scenes/MLTraining using Guid(2132b0b06e57a5b4eb08d2fb744d38dd) Importer(815301076,1909f56bfc062723c751e8b465ee728b)  -> (artifact id: 'c9a22b13cf9df0099d6ef5cb42bb9c71') in 0.005837 seconds 
  Import took 0.010145 seconds .

========================================================================
Received Import Request.
  Time since last request: 0.003727 seconds.
  path: Assets/Karting/Scenes/MLTraining
  artifactKey: Guid(2132b0b06e57a5b4eb08d2fb744d38dd) Importer(815301076,1909f56bfc062723c751e8b465ee728b)
Start importing Assets/Karting/Scenes/MLTraining using Guid(2132b0b06e57a5b4eb08d2fb744d38dd) Importer(815301076,1909f56bfc062723c751e8b465ee728b)  -> (artifact id: 'c9a22b13cf9df0099d6ef5cb42bb9c71') in 0.001859 seconds 
  Import took 0.005322 seconds .

AssetImportWorkerClient::OnTransportError - code=2 error=End of file
