Using pre-set license
Built from '2020.3/staging' branch; Version is '2020.3.17f1 (a4537701e4ab) revision 10769271'; Using compiler version '192528614'; Build Type 'Release'
OS: 'Windows 10 Education; OS build 19043.1165; Version 2009; 64bit' Language: 'en' Physical Memory: 32693 MB
BatchMode: 1, IsHumanControllingUs: 0, StartBugReporterOnCrash: 0, Is64bit: 1, IsPro: 0

COMMAND LINE ARGUMENTS:
C:\Program Files\Unity\Hub\Editor\2020.3.17f1\Editor\Unity.exe
-adb2
-batchMode
-noUpm
-name
AssetImportWorker0
-projectPath
C:/Users/dumcdani/Documents/UNITY Projects/daKarts-Repo/daKarts
-logFile
Logs/AssetImportWorker0.log
-srvPort
58457
Successfully changed project path to: C:/Users/dumcdani/Documents/UNITY Projects/daKarts-Repo/daKarts
C:/Users/dumcdani/Documents/UNITY Projects/daKarts-Repo/daKarts
Using Asset Import Pipeline V2.
Refreshing native plugins compatible for Editor in 103.04 ms, found 3 plugins.
Preloading 0 native plugins for Editor in 0.00 ms.
Initialize engine version: 2020.3.17f1 (a4537701e4ab)
[Subsystems] Discovering subsystems at path C:/Program Files/Unity/Hub/Editor/2020.3.17f1/Editor/Data/Resources/UnitySubsystems
[Subsystems] Discovering subsystems at path C:/Users/dumcdani/Documents/UNITY Projects/daKarts-Repo/daKarts/Assets
GfxDevice: creating device client; threaded=0
Direct3D:
    Version:  Direct3D 11.0 [level 11.1]
    Renderer: NVIDIA GeForce GTX 1070 Ti (ID=0x1b82)
    Vendor:   
    VRAM:     8079 MB
    Driver:   30.0.14.7168
Initialize mono
Mono path[0] = 'C:/Program Files/Unity/Hub/Editor/2020.3.17f1/Editor/Data/Managed'
Mono path[1] = 'C:/Program Files/Unity/Hub/Editor/2020.3.17f1/Editor/Data/MonoBleedingEdge/lib/mono/unityjit'
Mono config path = 'C:/Program Files/Unity/Hub/Editor/2020.3.17f1/Editor/Data/MonoBleedingEdge/etc'
Using monoOptions --debugger-agent=transport=dt_socket,embedding=1,server=y,suspend=n,address=127.0.0.1:56496
Begin MonoManager ReloadAssembly
Registering precompiled unity dll's ...
Register platform support module: C:/Program Files/Unity/Hub/Editor/2020.3.17f1/Editor/Data/PlaybackEngines/WebGLSupport/UnityEditor.WebGL.Extensions.dll
Register platform support module: C:/Program Files/Unity/Hub/Editor/2020.3.17f1/Editor/Data/PlaybackEngines/WindowsStandaloneSupport/UnityEditor.WindowsStandalone.Extensions.dll
Registered in 0.002698 seconds.
Native extension for WindowsStandalone target not found
Native extension for WebGL target not found
Refreshing native plugins compatible for Editor in 95.30 ms, found 3 plugins.
Preloading 0 native plugins for Editor in 0.00 ms.
Mono: successfully reloaded assembly
- Completed reload, in  1.602 seconds
Domain Reload Profiling:
	ReloadAssembly (1602ms)
		BeginReloadAssembly (77ms)
			ExecutionOrderSort (0ms)
			DisableScriptedObjects (0ms)
			BackupInstance (0ms)
			ReleaseScriptingObjects (0ms)
			CreateAndSetChildDomain (1ms)
		EndReloadAssembly (658ms)
			LoadAssemblies (74ms)
			RebuildTransferFunctionScriptingTraits (0ms)
			SetupTypeCache (227ms)
			ReleaseScriptCaches (0ms)
			RebuildScriptCaches (40ms)
			SetupLoadedEditorAssemblies (281ms)
				LogAssemblyErrors (0ms)
				InitializePlatformSupportModulesInManaged (9ms)
				SetLoadedEditorAssemblies (0ms)
				RefreshPlugins (96ms)
				BeforeProcessingInitializeOnLoad (25ms)
				ProcessInitializeOnLoadAttributes (111ms)
				ProcessInitializeOnLoadMethodAttributes (40ms)
				AfterProcessingInitializeOnLoad (0ms)
				EditorAssembliesLoaded (0ms)
			ExecutionOrderSort2 (0ms)
			AwakeInstancesAfterBackupRestoration (0ms)
Platform modules already initialized, skipping
Registering precompiled user dll's ...
Registered in 0.012980 seconds.
Begin MonoManager ReloadAssembly
Native extension for WindowsStandalone target not found
Native extension for WebGL target not found
Refreshing native plugins compatible for Editor in 97.08 ms, found 3 plugins.
Preloading 0 native plugins for Editor in 0.00 ms.
Mono: successfully reloaded assembly
- Completed reload, in  2.907 seconds
Domain Reload Profiling:
	ReloadAssembly (2909ms)
		BeginReloadAssembly (221ms)
			ExecutionOrderSort (0ms)
			DisableScriptedObjects (5ms)
			BackupInstance (0ms)
			ReleaseScriptingObjects (0ms)
			CreateAndSetChildDomain (51ms)
		EndReloadAssembly (2600ms)
			LoadAssemblies (144ms)
			RebuildTransferFunctionScriptingTraits (0ms)
			SetupTypeCache (553ms)
			ReleaseScriptCaches (2ms)
			RebuildScriptCaches (85ms)
			SetupLoadedEditorAssemblies (1651ms)
				LogAssemblyErrors (0ms)
				InitializePlatformSupportModulesInManaged (7ms)
				SetLoadedEditorAssemblies (0ms)
				RefreshPlugins (97ms)
				BeforeProcessingInitializeOnLoad (144ms)
				ProcessInitializeOnLoadAttributes (1391ms)
				ProcessInitializeOnLoadMethodAttributes (4ms)
				AfterProcessingInitializeOnLoad (7ms)
				EditorAssembliesLoaded (0ms)
			ExecutionOrderSort2 (0ms)
			AwakeInstancesAfterBackupRestoration (8ms)
Platform modules already initialized, skipping
========================================================================
Worker process is ready to serve import requests
Launched and connected shader compiler UnityShaderCompiler.exe after 0.09 seconds
Refreshing native plugins compatible for Editor in 2.15 ms, found 3 plugins.
Preloading 0 native plugins for Editor in 0.00 ms.
Unloading 2758 Unused Serialized files (Serialized files now loaded: 0)
System memory in use before: 129.4 MB.
System memory in use after: 129.6 MB.

Unloading 34 unused Assets to reduce memory usage. Loaded Objects now: 3186.
Total: 10.850700 ms (FindLiveObjects: 1.323500 ms CreateObjectMapping: 0.173300 ms MarkObjects: 9.095200 ms  DeleteObjects: 0.254200 ms)

AssetImportParameters requested are different than current active one (requested -> active):
  custom:framework-win-MediaFoundation: 216162199b28c13a410421893ffa2e32 -> 
  custom:video-decoder-ogg-theora: a1e56fd34408186e4bbccfd4996cb3dc -> 
  custom:container-muxer-webm: aa71ff27fc2769a1b78a27578f13a17b -> 
  custom:container-demuxer-webm: 4f35f7cbe854078d1ac9338744f61a02 -> 
  custom:container-demuxer-ogg: 62fdf1f143b41e24485cea50d1cbac27 -> 
  custom:video-encoder-webm-vp8: eb34c28f22e8b96e1ab97ce403110664 -> 
  custom:video-decoder-webm-vp8: 9c59270c3fd7afecdb556c50c9e8de78 -> 
  custom:audio-decoder-ogg-vorbis: bf7c407c2cedff20999df2af8eb42d56 -> 
  custom:audio-encoder-webm-vorbis: bf7c407c2cedff20999df2af8eb42d56 -> 
========================================================================
Received Import Request.
  path: Assets/RPG Monster Duo PBR Polyart/Prefabs/SlimePBR.prefab
  artifactKey: Guid(55776efecb0cd134ea5f418c2f97a705) Importer(815301076,1909f56bfc062723c751e8b465ee728b)
Start importing Assets/RPG Monster Duo PBR Polyart/Prefabs/SlimePBR.prefab using Guid(55776efecb0cd134ea5f418c2f97a705) Importer(815301076,1909f56bfc062723c751e8b465ee728b)  -> (artifact id: '098937a85f1b6bb91356e4a3ff4f2618') in 0.503450 seconds 
  Import took 0.514752 seconds .

========================================================================
Received Import Request.
  Time since last request: 0.000594 seconds.
  path: Assets/RPG Monster Duo PBR Polyart/Prefabs/Slime.prefab
  artifactKey: Guid(a817c29ea6847604bb2c6c51d9a74bf1) Importer(815301076,1909f56bfc062723c751e8b465ee728b)
Start importing Assets/RPG Monster Duo PBR Polyart/Prefabs/Slime.prefab using Guid(a817c29ea6847604bb2c6c51d9a74bf1) Importer(815301076,1909f56bfc062723c751e8b465ee728b)  -> (artifact id: '7d638b96153779719bf6ec3df92cb0c9') in 0.057484 seconds 
  Import took 0.069850 seconds .

========================================================================
Received Import Request.
  Time since last request: 22.814741 seconds.
  path: Assets/RPG Monster Duo PBR Polyart/Prefabs/TurtleShell.prefab
  artifactKey: Guid(3aec22b5d3f3c2947bb81040b56e5f96) Importer(815301076,1909f56bfc062723c751e8b465ee728b)
Start importing Assets/RPG Monster Duo PBR Polyart/Prefabs/TurtleShell.prefab using Guid(3aec22b5d3f3c2947bb81040b56e5f96) Importer(815301076,1909f56bfc062723c751e8b465ee728b)  -> (artifact id: 'b31ead5d24c6013db174c870dbfad056') in 0.037969 seconds 
  Import took 0.046320 seconds .

========================================================================
Received Prepare
Registering precompiled user dll's ...
Registered in 0.014480 seconds.
Begin MonoManager ReloadAssembly
Native extension for WindowsStandalone target not found
Native extension for WebGL target not found
Refreshing native plugins compatible for Editor in 3.09 ms, found 3 plugins.
Preloading 0 native plugins for Editor in 0.00 ms.
Mono: successfully reloaded assembly
- Completed reload, in  1.940 seconds
Domain Reload Profiling:
	ReloadAssembly (1941ms)
		BeginReloadAssembly (221ms)
			ExecutionOrderSort (0ms)
			DisableScriptedObjects (4ms)
			BackupInstance (0ms)
			ReleaseScriptingObjects (0ms)
			CreateAndSetChildDomain (105ms)
		EndReloadAssembly (1615ms)
			LoadAssemblies (137ms)
			RebuildTransferFunctionScriptingTraits (0ms)
			SetupTypeCache (547ms)
			ReleaseScriptCaches (2ms)
			RebuildScriptCaches (59ms)
			SetupLoadedEditorAssemblies (740ms)
				LogAssemblyErrors (0ms)
				InitializePlatformSupportModulesInManaged (9ms)
				SetLoadedEditorAssemblies (1ms)
				RefreshPlugins (3ms)
				BeforeProcessingInitializeOnLoad (126ms)
				ProcessInitializeOnLoadAttributes (588ms)
				ProcessInitializeOnLoadMethodAttributes (4ms)
				AfterProcessingInitializeOnLoad (8ms)
				EditorAssembliesLoaded (1ms)
			ExecutionOrderSort2 (0ms)
			AwakeInstancesAfterBackupRestoration (10ms)
Platform modules already initialized, skipping
Refreshing native plugins compatible for Editor in 2.45 ms, found 3 plugins.
Preloading 0 native plugins for Editor in 0.00 ms.
Unloading 2690 Unused Serialized files (Serialized files now loaded: 0)
System memory in use before: 126.2 MB.
System memory in use after: 126.4 MB.

Unloading 29 unused Assets to reduce memory usage. Loaded Objects now: 3196.
Total: 8.720500 ms (FindLiveObjects: 1.469400 ms CreateObjectMapping: 0.162200 ms MarkObjects: 6.865500 ms  DeleteObjects: 0.218600 ms)

AssetImportParameters requested are different than current active one (requested -> active):
  custom:framework-win-MediaFoundation: 216162199b28c13a410421893ffa2e32 -> 
  custom:video-decoder-ogg-theora: a1e56fd34408186e4bbccfd4996cb3dc -> 
  custom:container-muxer-webm: aa71ff27fc2769a1b78a27578f13a17b -> 
  custom:container-demuxer-webm: 4f35f7cbe854078d1ac9338744f61a02 -> 
  custom:container-demuxer-ogg: 62fdf1f143b41e24485cea50d1cbac27 -> 
  custom:video-encoder-webm-vp8: eb34c28f22e8b96e1ab97ce403110664 -> 
  custom:video-decoder-webm-vp8: 9c59270c3fd7afecdb556c50c9e8de78 -> 
  custom:audio-decoder-ogg-vorbis: bf7c407c2cedff20999df2af8eb42d56 -> 
  custom:audio-encoder-webm-vorbis: bf7c407c2cedff20999df2af8eb42d56 -> 
========================================================================
Received Import Request.
  Time since last request: 248.658906 seconds.
  path: Assets/Karting/ModularTrackKit/Prefabs/ModularTrackCurveMedium.prefab
  artifactKey: Guid(4f11626d6f47a444289c55bbe896ec98) Importer(815301076,1909f56bfc062723c751e8b465ee728b)
Start importing Assets/Karting/ModularTrackKit/Prefabs/ModularTrackCurveMedium.prefab using Guid(4f11626d6f47a444289c55bbe896ec98) Importer(815301076,1909f56bfc062723c751e8b465ee728b)  -> (artifact id: '25a92dd2b998958c39d7a56cb202759b') in 0.103967 seconds 
  Import took 0.112446 seconds .

========================================================================
Received Import Request.
  Time since last request: 0.029957 seconds.
  path: Assets/Karting/ModularTrackKit/Prefabs/ModularTrackCurveMedium.prefab
  artifactKey: Guid(4f11626d6f47a444289c55bbe896ec98) Importer(815301076,1909f56bfc062723c751e8b465ee728b)
Start importing Assets/Karting/ModularTrackKit/Prefabs/ModularTrackCurveMedium.prefab using Guid(4f11626d6f47a444289c55bbe896ec98) Importer(815301076,1909f56bfc062723c751e8b465ee728b)  -> (artifact id: '25a92dd2b998958c39d7a56cb202759b') in 0.020120 seconds 
  Import took 0.031153 seconds .

========================================================================
Received Prepare
Registering precompiled user dll's ...
Registered in 0.012983 seconds.
Begin MonoManager ReloadAssembly
Native extension for WindowsStandalone target not found
Native extension for WebGL target not found
Refreshing native plugins compatible for Editor in 3.08 ms, found 3 plugins.
Preloading 0 native plugins for Editor in 0.00 ms.
Mono: successfully reloaded assembly
- Completed reload, in  2.015 seconds
Domain Reload Profiling:
	ReloadAssembly (2016ms)
		BeginReloadAssembly (211ms)
			ExecutionOrderSort (0ms)
			DisableScriptedObjects (6ms)
			BackupInstance (0ms)
			ReleaseScriptingObjects (0ms)
			CreateAndSetChildDomain (97ms)
		EndReloadAssembly (1707ms)
			LoadAssemblies (153ms)
			RebuildTransferFunctionScriptingTraits (0ms)
			SetupTypeCache (515ms)
			ReleaseScriptCaches (3ms)
			RebuildScriptCaches (68ms)
			SetupLoadedEditorAssemblies (809ms)
				LogAssemblyErrors (0ms)
				InitializePlatformSupportModulesInManaged (10ms)
				SetLoadedEditorAssemblies (1ms)
				RefreshPlugins (3ms)
				BeforeProcessingInitializeOnLoad (153ms)
				ProcessInitializeOnLoadAttributes (624ms)
				ProcessInitializeOnLoadMethodAttributes (6ms)
				AfterProcessingInitializeOnLoad (11ms)
				EditorAssembliesLoaded (1ms)
			ExecutionOrderSort2 (0ms)
			AwakeInstancesAfterBackupRestoration (15ms)
Platform modules already initialized, skipping
Refreshing native plugins compatible for Editor in 2.17 ms, found 3 plugins.
Preloading 0 native plugins for Editor in 0.00 ms.
Unloading 2720 Unused Serialized files (Serialized files now loaded: 0)
System memory in use before: 127.1 MB.
System memory in use after: 127.2 MB.

Unloading 30 unused Assets to reduce memory usage. Loaded Objects now: 3229.
Total: 11.174200 ms (FindLiveObjects: 1.345400 ms CreateObjectMapping: 0.125700 ms MarkObjects: 9.442700 ms  DeleteObjects: 0.253900 ms)

AssetImportParameters requested are different than current active one (requested -> active):
  custom:framework-win-MediaFoundation: 216162199b28c13a410421893ffa2e32 -> 
  custom:video-decoder-ogg-theora: a1e56fd34408186e4bbccfd4996cb3dc -> 
  custom:container-muxer-webm: aa71ff27fc2769a1b78a27578f13a17b -> 
  custom:container-demuxer-webm: 4f35f7cbe854078d1ac9338744f61a02 -> 
  custom:container-demuxer-ogg: 62fdf1f143b41e24485cea50d1cbac27 -> 
  custom:video-encoder-webm-vp8: eb34c28f22e8b96e1ab97ce403110664 -> 
  custom:video-decoder-webm-vp8: 9c59270c3fd7afecdb556c50c9e8de78 -> 
  custom:audio-decoder-ogg-vorbis: bf7c407c2cedff20999df2af8eb42d56 -> 
  custom:audio-encoder-webm-vorbis: bf7c407c2cedff20999df2af8eb42d56 -> 
========================================================================
Received Import Request.
  Time since last request: 1225.545832 seconds.
  path: Assets/Karting/Scripts/TimeManager.cs
  artifactKey: Guid(11e1aacfd20ce4720bfc83f4e4f6d5e0) Importer(815301076,1909f56bfc062723c751e8b465ee728b)
Start importing Assets/Karting/Scripts/TimeManager.cs using Guid(11e1aacfd20ce4720bfc83f4e4f6d5e0) Importer(815301076,1909f56bfc062723c751e8b465ee728b)  -> (artifact id: '9f8ac9ede107a19c2422fbe762c28cef') in 0.035584 seconds 
  Import took 0.049981 seconds .

========================================================================
Received Import Request.
  Time since last request: 44.341197 seconds.
  path: Assets/Karting/Scripts/KartSystems/ArcadeKart.cs
  artifactKey: Guid(1b2e8893a3093437d9d101b53db56941) Importer(815301076,1909f56bfc062723c751e8b465ee728b)
Start importing Assets/Karting/Scripts/KartSystems/ArcadeKart.cs using Guid(1b2e8893a3093437d9d101b53db56941) Importer(815301076,1909f56bfc062723c751e8b465ee728b)  -> (artifact id: '7f832e1d2127ec273d45d486187ee563') in 0.016390 seconds 
  Import took 0.025561 seconds .

========================================================================
Received Prepare
Registering precompiled user dll's ...
Registered in 0.008039 seconds.
Begin MonoManager ReloadAssembly
Native extension for WindowsStandalone target not found
Native extension for WebGL target not found
Refreshing native plugins compatible for Editor in 2.42 ms, found 3 plugins.
Preloading 0 native plugins for Editor in 0.00 ms.
Mono: successfully reloaded assembly
- Completed reload, in  2.091 seconds
Domain Reload Profiling:
	ReloadAssembly (2092ms)
		BeginReloadAssembly (243ms)
			ExecutionOrderSort (0ms)
			DisableScriptedObjects (8ms)
			BackupInstance (0ms)
			ReleaseScriptingObjects (0ms)
			CreateAndSetChildDomain (103ms)
		EndReloadAssembly (1761ms)
			LoadAssemblies (166ms)
			RebuildTransferFunctionScriptingTraits (0ms)
			SetupTypeCache (578ms)
			ReleaseScriptCaches (3ms)
			RebuildScriptCaches (79ms)
			SetupLoadedEditorAssemblies (809ms)
				LogAssemblyErrors (0ms)
				InitializePlatformSupportModulesInManaged (9ms)
				SetLoadedEditorAssemblies (1ms)
				RefreshPlugins (3ms)
				BeforeProcessingInitializeOnLoad (147ms)
				ProcessInitializeOnLoadAttributes (637ms)
				ProcessInitializeOnLoadMethodAttributes (3ms)
				AfterProcessingInitializeOnLoad (8ms)
				EditorAssembliesLoaded (0ms)
			ExecutionOrderSort2 (0ms)
			AwakeInstancesAfterBackupRestoration (12ms)
Platform modules already initialized, skipping
Refreshing native plugins compatible for Editor in 2.77 ms, found 3 plugins.
Preloading 0 native plugins for Editor in 0.00 ms.
Unloading 2720 Unused Serialized files (Serialized files now loaded: 0)
System memory in use before: 127.1 MB.
System memory in use after: 127.3 MB.

Unloading 30 unused Assets to reduce memory usage. Loaded Objects now: 3232.
Total: 8.735100 ms (FindLiveObjects: 1.023000 ms CreateObjectMapping: 0.124000 ms MarkObjects: 7.379200 ms  DeleteObjects: 0.204100 ms)

AssetImportParameters requested are different than current active one (requested -> active):
  custom:framework-win-MediaFoundation: 216162199b28c13a410421893ffa2e32 -> 
  custom:video-decoder-ogg-theora: a1e56fd34408186e4bbccfd4996cb3dc -> 
  custom:container-muxer-webm: aa71ff27fc2769a1b78a27578f13a17b -> 
  custom:container-demuxer-webm: 4f35f7cbe854078d1ac9338744f61a02 -> 
  custom:container-demuxer-ogg: 62fdf1f143b41e24485cea50d1cbac27 -> 
  custom:video-encoder-webm-vp8: eb34c28f22e8b96e1ab97ce403110664 -> 
  custom:video-decoder-webm-vp8: 9c59270c3fd7afecdb556c50c9e8de78 -> 
  custom:audio-decoder-ogg-vorbis: bf7c407c2cedff20999df2af8eb42d56 -> 
  custom:audio-encoder-webm-vorbis: bf7c407c2cedff20999df2af8eb42d56 -> 
========================================================================
Received Import Request.
  Time since last request: 379.072838 seconds.
  path: Assets/Karting/Scripts/KartSystems/KartBounce.cs
  artifactKey: Guid(c2d4869a13876dd4687e7aac1dc3a37b) Importer(815301076,1909f56bfc062723c751e8b465ee728b)
Start importing Assets/Karting/Scripts/KartSystems/KartBounce.cs using Guid(c2d4869a13876dd4687e7aac1dc3a37b) Importer(815301076,1909f56bfc062723c751e8b465ee728b)  -> (artifact id: 'a44c3c7bd7f806dfa5289b35b54a49a2') in 0.023628 seconds 
  Import took 0.034346 seconds .

========================================================================
Received Import Request.
  Time since last request: 38.219802 seconds.
  path: Assets/AddOns/MgKarting_KartSkins/Muscle_Skins
  artifactKey: Guid(a5e295654497c6246a85d3a56691d437) Importer(815301076,1909f56bfc062723c751e8b465ee728b)
Start importing Assets/AddOns/MgKarting_KartSkins/Muscle_Skins using Guid(a5e295654497c6246a85d3a56691d437) Importer(815301076,1909f56bfc062723c751e8b465ee728b)  -> (artifact id: '4309c82a272a9915f5b38052ebd120e2') in 0.015611 seconds 
  Import took 0.028844 seconds .

========================================================================
Received Import Request.
  Time since last request: 33.959007 seconds.
  path: Assets/AddOns/MgKarting_KartSkins/Muscle_Skins/Prefabs/Muscle_Phoenix_Player.prefab
  artifactKey: Guid(43a6f29f44ea01c49aadb57ede7f970f) Importer(815301076,1909f56bfc062723c751e8b465ee728b)
Start importing Assets/AddOns/MgKarting_KartSkins/Muscle_Skins/Prefabs/Muscle_Phoenix_Player.prefab using Guid(43a6f29f44ea01c49aadb57ede7f970f) Importer(815301076,1909f56bfc062723c751e8b465ee728b)  -> (artifact id: 'ae4087b2810c0862143627351ee316e7') in 0.047411 seconds 
  Import took 0.059836 seconds .

========================================================================
Received Import Request.
  Time since last request: 11.280267 seconds.
  path: Assets/AddOns/MgKarting_KartSkins/Muscle_Skins/Prefabs/Muscle_Scallop_Player.prefab
  artifactKey: Guid(5bd4fad8e002db04e949fae76f4869f1) Importer(815301076,1909f56bfc062723c751e8b465ee728b)
Start importing Assets/AddOns/MgKarting_KartSkins/Muscle_Skins/Prefabs/Muscle_Scallop_Player.prefab using Guid(5bd4fad8e002db04e949fae76f4869f1) Importer(815301076,1909f56bfc062723c751e8b465ee728b)  -> (artifact id: '98c1827d45cf0cea238c064490c5de73') in 0.025913 seconds 
  Import took 0.038585 seconds .

========================================================================
Received Import Request.
  Time since last request: 63.722738 seconds.
  path: Assets/AddOns/MgKarting_4x4/Models/4x4_BackTire.fbx
  artifactKey: Guid(0d65b8a060868bf49913a7c7216a9f9c) Importer(815301076,1909f56bfc062723c751e8b465ee728b)
Start importing Assets/AddOns/MgKarting_4x4/Models/4x4_BackTire.fbx using Guid(0d65b8a060868bf49913a7c7216a9f9c) Importer(815301076,1909f56bfc062723c751e8b465ee728b)  -> (artifact id: '438cbd005f2192b26cc1ccbddcea3e64') in 0.225989 seconds 
  Import took 0.237298 seconds .

========================================================================
Received Prepare
Registering precompiled user dll's ...
Registered in 0.010175 seconds.
Begin MonoManager ReloadAssembly
Native extension for WindowsStandalone target not found
Native extension for WebGL target not found
Refreshing native plugins compatible for Editor in 2.25 ms, found 3 plugins.
Preloading 0 native plugins for Editor in 0.00 ms.
Mono: successfully reloaded assembly
- Completed reload, in  2.020 seconds
Domain Reload Profiling:
	ReloadAssembly (2021ms)
		BeginReloadAssembly (213ms)
			ExecutionOrderSort (0ms)
			DisableScriptedObjects (7ms)
			BackupInstance (0ms)
			ReleaseScriptingObjects (0ms)
			CreateAndSetChildDomain (98ms)
		EndReloadAssembly (1704ms)
			LoadAssemblies (146ms)
			RebuildTransferFunctionScriptingTraits (0ms)
			SetupTypeCache (558ms)
			ReleaseScriptCaches (3ms)
			RebuildScriptCaches (65ms)
			SetupLoadedEditorAssemblies (775ms)
				LogAssemblyErrors (0ms)
				InitializePlatformSupportModulesInManaged (8ms)
				SetLoadedEditorAssemblies (1ms)
				RefreshPlugins (2ms)
				BeforeProcessingInitializeOnLoad (143ms)
				ProcessInitializeOnLoadAttributes (608ms)
				ProcessInitializeOnLoadMethodAttributes (4ms)
				AfterProcessingInitializeOnLoad (8ms)
				EditorAssembliesLoaded (1ms)
			ExecutionOrderSort2 (0ms)
			AwakeInstancesAfterBackupRestoration (11ms)
Platform modules already initialized, skipping
Refreshing native plugins compatible for Editor in 0.94 ms, found 3 plugins.
Preloading 0 native plugins for Editor in 0.00 ms.
Unloading 2720 Unused Serialized files (Serialized files now loaded: 0)
System memory in use before: 127.6 MB.
System memory in use after: 127.7 MB.

Unloading 30 unused Assets to reduce memory usage. Loaded Objects now: 3272.
Total: 12.336800 ms (FindLiveObjects: 1.176600 ms CreateObjectMapping: 0.132500 ms MarkObjects: 10.633900 ms  DeleteObjects: 0.389400 ms)

AssetImportParameters requested are different than current active one (requested -> active):
  custom:framework-win-MediaFoundation: 216162199b28c13a410421893ffa2e32 -> 
  custom:video-decoder-ogg-theora: a1e56fd34408186e4bbccfd4996cb3dc -> 
  custom:container-muxer-webm: aa71ff27fc2769a1b78a27578f13a17b -> 
  custom:container-demuxer-webm: 4f35f7cbe854078d1ac9338744f61a02 -> 
  custom:container-demuxer-ogg: 62fdf1f143b41e24485cea50d1cbac27 -> 
  custom:video-encoder-webm-vp8: eb34c28f22e8b96e1ab97ce403110664 -> 
  custom:video-decoder-webm-vp8: 9c59270c3fd7afecdb556c50c9e8de78 -> 
  custom:audio-decoder-ogg-vorbis: bf7c407c2cedff20999df2af8eb42d56 -> 
  custom:audio-encoder-webm-vorbis: bf7c407c2cedff20999df2af8eb42d56 -> 
========================================================================
Received Prepare
Registering precompiled user dll's ...
Registered in 0.013576 seconds.
Begin MonoManager ReloadAssembly
Native extension for WindowsStandalone target not found
Native extension for WebGL target not found
Refreshing native plugins compatible for Editor in 1.90 ms, found 3 plugins.
Preloading 0 native plugins for Editor in 0.00 ms.
Mono: successfully reloaded assembly
- Completed reload, in  1.993 seconds
Domain Reload Profiling:
	ReloadAssembly (1994ms)
		BeginReloadAssembly (208ms)
			ExecutionOrderSort (0ms)
			DisableScriptedObjects (6ms)
			BackupInstance (0ms)
			ReleaseScriptingObjects (0ms)
			CreateAndSetChildDomain (95ms)
		EndReloadAssembly (1691ms)
			LoadAssemblies (165ms)
			RebuildTransferFunctionScriptingTraits (0ms)
			SetupTypeCache (562ms)
			ReleaseScriptCaches (3ms)
			RebuildScriptCaches (73ms)
			SetupLoadedEditorAssemblies (750ms)
				LogAssemblyErrors (0ms)
				InitializePlatformSupportModulesInManaged (10ms)
				SetLoadedEditorAssemblies (1ms)
				RefreshPlugins (2ms)
				BeforeProcessingInitializeOnLoad (153ms)
				ProcessInitializeOnLoadAttributes (573ms)
				ProcessInitializeOnLoadMethodAttributes (3ms)
				AfterProcessingInitializeOnLoad (7ms)
				EditorAssembliesLoaded (0ms)
			ExecutionOrderSort2 (0ms)
			AwakeInstancesAfterBackupRestoration (20ms)
Platform modules already initialized, skipping
Refreshing native plugins compatible for Editor in 2.13 ms, found 3 plugins.
Preloading 0 native plugins for Editor in 0.00 ms.
Unloading 2720 Unused Serialized files (Serialized files now loaded: 0)
System memory in use before: 127.6 MB.
System memory in use after: 127.8 MB.

Unloading 30 unused Assets to reduce memory usage. Loaded Objects now: 3275.
Total: 9.475900 ms (FindLiveObjects: 1.521200 ms CreateObjectMapping: 0.153100 ms MarkObjects: 7.478200 ms  DeleteObjects: 0.319000 ms)

AssetImportParameters requested are different than current active one (requested -> active):
  custom:framework-win-MediaFoundation: 216162199b28c13a410421893ffa2e32 -> 
  custom:video-decoder-ogg-theora: a1e56fd34408186e4bbccfd4996cb3dc -> 
  custom:container-muxer-webm: aa71ff27fc2769a1b78a27578f13a17b -> 
  custom:container-demuxer-webm: 4f35f7cbe854078d1ac9338744f61a02 -> 
  custom:container-demuxer-ogg: 62fdf1f143b41e24485cea50d1cbac27 -> 
  custom:video-encoder-webm-vp8: eb34c28f22e8b96e1ab97ce403110664 -> 
  custom:video-decoder-webm-vp8: 9c59270c3fd7afecdb556c50c9e8de78 -> 
  custom:audio-decoder-ogg-vorbis: bf7c407c2cedff20999df2af8eb42d56 -> 
  custom:audio-encoder-webm-vorbis: bf7c407c2cedff20999df2af8eb42d56 -> 
========================================================================
Received Import Request.
  Time since last request: 6681.579628 seconds.
  path: Assets
  artifactKey: Guid(00000000000000001000000000000000) Importer(815301076,1909f56bfc062723c751e8b465ee728b)
Start importing Assets using Guid(00000000000000001000000000000000) Importer(815301076,1909f56bfc062723c751e8b465ee728b)  -> (artifact id: '3f854105a43fbe3005178704f2aa1a0f') in 0.018798 seconds 
  Import took 0.030310 seconds .

========================================================================
Received Import Request.
  Time since last request: 791.099821 seconds.
  path: Assets/AddOns
  artifactKey: Guid(0d06a57d45c70554a8a86ab9d8fe1162) Importer(815301076,1909f56bfc062723c751e8b465ee728b)
Start importing Assets/AddOns using Guid(0d06a57d45c70554a8a86ab9d8fe1162) Importer(815301076,1909f56bfc062723c751e8b465ee728b)  -> (artifact id: '8097611df8eecd5076078e880a39d1bc') in 0.020875 seconds 
  Import took 0.037573 seconds .

========================================================================
Received Import Request.
  Time since last request: 27.588458 seconds.
  path: Packages/com.unity.connect.share/Editor/Resources/Light/icon-webgl-module.png
  artifactKey: Guid(8cd5a1fc1d674457198745a7b2fe8002) Importer(815301076,1909f56bfc062723c751e8b465ee728b)
Start importing Packages/com.unity.connect.share/Editor/Resources/Light/icon-webgl-module.png using Guid(8cd5a1fc1d674457198745a7b2fe8002) Importer(815301076,1909f56bfc062723c751e8b465ee728b)  -> (artifact id: '77a8a9462fa491870af683996fe875e5') in 0.117153 seconds 
  Import took 0.133395 seconds .

========================================================================
Received Import Request.
  Time since last request: 0.000713 seconds.
  path: Assets/Karting/ModularTrackKit/Models/ModularTrackBank.fbx
  artifactKey: Guid(994f97374df6444279b54b520d1535c3) Importer(815301076,1909f56bfc062723c751e8b465ee728b)
Start importing Assets/Karting/ModularTrackKit/Models/ModularTrackBank.fbx using Guid(994f97374df6444279b54b520d1535c3) Importer(815301076,1909f56bfc062723c751e8b465ee728b)  -> (artifact id: '6f37a9d71da5b306f2223e980b913f11') in 0.188759 seconds 
  Import took 0.202906 seconds .

========================================================================
Received Import Request.
  Time since last request: 0.000502 seconds.
  path: Packages/com.unity.connect.share/Editor/Resources/Dark/icon-webgl-module.png
  artifactKey: Guid(d0dbc4c831b624fffa41977688986840) Importer(815301076,1909f56bfc062723c751e8b465ee728b)
Start importing Packages/com.unity.connect.share/Editor/Resources/Dark/icon-webgl-module.png using Guid(d0dbc4c831b624fffa41977688986840) Importer(815301076,1909f56bfc062723c751e8b465ee728b)  -> (artifact id: 'd8f7d74837bfcc5a661a534e829bc85a') in 0.042325 seconds 
  Import took 0.062872 seconds .

========================================================================
Received Import Request.
  Time since last request: 0.001069 seconds.
  path: Assets/Karting/ModularTrackKit/Models/ModularTrackBumpyStraight.fbx
  artifactKey: Guid(8bd11d186751541b5bbd80f5cf827fee) Importer(815301076,1909f56bfc062723c751e8b465ee728b)
Start importing Assets/Karting/ModularTrackKit/Models/ModularTrackBumpyStraight.fbx using Guid(8bd11d186751541b5bbd80f5cf827fee) Importer(815301076,1909f56bfc062723c751e8b465ee728b)  -> (artifact id: '22aa54fee01511f85652c1fd6f877aab') in 0.080651 seconds 
  Import took 0.096362 seconds .

========================================================================
Received Import Request.
  Time since last request: 0.000673 seconds.
  path: Assets/Karting/ModularTrackKit/Prefabs/ModularTrackBumpyStraight.prefab
  artifactKey: Guid(9b9f6390b3dee44e4ba03d5f3f76dacb) Importer(815301076,1909f56bfc062723c751e8b465ee728b)
Start importing Assets/Karting/ModularTrackKit/Prefabs/ModularTrackBumpyStraight.prefab using Guid(9b9f6390b3dee44e4ba03d5f3f76dacb) Importer(815301076,1909f56bfc062723c751e8b465ee728b)  -> (artifact id: '5db8c3ac8db27108e5a7e7d5a673602e') in 0.045271 seconds 
  Import took 0.057908 seconds .

========================================================================
Received Import Request.
  Time since last request: 0.000845 seconds.
  path: Assets/Karting/ModularTrackKit/Prefabs/ModularTrackBank.prefab
  artifactKey: Guid(40edbcc1d6247412ea82349e34d5add5) Importer(815301076,1909f56bfc062723c751e8b465ee728b)
Start importing Assets/Karting/ModularTrackKit/Prefabs/ModularTrackBank.prefab using Guid(40edbcc1d6247412ea82349e34d5add5) Importer(815301076,1909f56bfc062723c751e8b465ee728b)  -> (artifact id: 'c8233950405cd9314640cb29812f0c87') in 0.036267 seconds 
  Import took 0.050699 seconds .

========================================================================
Received Import Request.
  Time since last request: 0.000579 seconds.
  path: Packages/com.unity.connect.share/Editor/Resources/Dark/icon-webgl-module@2x.png
  artifactKey: Guid(3ae5bdcaba3a7479db9d944b7fa58a86) Importer(815301076,1909f56bfc062723c751e8b465ee728b)
Start importing Packages/com.unity.connect.share/Editor/Resources/Dark/icon-webgl-module@2x.png using Guid(3ae5bdcaba3a7479db9d944b7fa58a86) Importer(815301076,1909f56bfc062723c751e8b465ee728b)  -> (artifact id: '936d93473d5971a2e4e39e395eb0d661') in 0.042273 seconds 
  Import took 0.055265 seconds .

========================================================================
Received Import Request.
  Time since last request: 0.000400 seconds.
  path: Assets/Karting/ModularTrackKit/Materials/Modular_Track_Lane_Divider.mat
  artifactKey: Guid(7b5f0a7a707e04e939eb8c5dee8e084c) Importer(815301076,1909f56bfc062723c751e8b465ee728b)
Start importing Assets/Karting/ModularTrackKit/Materials/Modular_Track_Lane_Divider.mat using Guid(7b5f0a7a707e04e939eb8c5dee8e084c) Importer(815301076,1909f56bfc062723c751e8b465ee728b)  -> (artifact id: '7436a6bb45fe262ec6bcc07088db22c0') in 0.076017 seconds 
  Import took 0.090485 seconds .

========================================================================
Received Import Request.
  Time since last request: 0.000516 seconds.
  path: Assets/Karting/ModularTrackKit/Materials/Modular_Track_Road.mat
  artifactKey: Guid(58da84021fce340e9b877f63d3e18336) Importer(815301076,1909f56bfc062723c751e8b465ee728b)
Start importing Assets/Karting/ModularTrackKit/Materials/Modular_Track_Road.mat using Guid(58da84021fce340e9b877f63d3e18336) Importer(815301076,1909f56bfc062723c751e8b465ee728b)  -> (artifact id: '4549e9c8c18837cab7981c14f06e409b') in 0.028795 seconds 
  Import took 0.047179 seconds .

========================================================================
Received Import Request.
  Time since last request: 0.000525 seconds.
  path: Packages/com.unity.connect.share/Editor/Resources/Light/icon-webgl-module@2x.png
  artifactKey: Guid(80c0ba612430d43068d76bca7b597c31) Importer(815301076,1909f56bfc062723c751e8b465ee728b)
Start importing Packages/com.unity.connect.share/Editor/Resources/Light/icon-webgl-module@2x.png using Guid(80c0ba612430d43068d76bca7b597c31) Importer(815301076,1909f56bfc062723c751e8b465ee728b)  -> (artifact id: '3b2c1ca28e7e52e9623d53da6d6d9916') in 0.047953 seconds 
  Import took 0.061383 seconds .

========================================================================
Received Import Request.
  Time since last request: 0.000309 seconds.
  path: Assets/Karting/ModularTrackKit/Models/ModularTrackCantSmallLeft.fbx
  artifactKey: Guid(4bf1a364dc54642f9a8a2d20c3cae318) Importer(815301076,1909f56bfc062723c751e8b465ee728b)
Start importing Assets/Karting/ModularTrackKit/Models/ModularTrackCantSmallLeft.fbx using Guid(4bf1a364dc54642f9a8a2d20c3cae318) Importer(815301076,1909f56bfc062723c751e8b465ee728b)  -> (artifact id: 'dd839daed610e855e6c53e63bf9d26f5') in 0.065918 seconds 
  Import took 0.074920 seconds .

========================================================================
Received Import Request.
  Time since last request: 0.000811 seconds.
  path: Assets/Karting/ModularTrackKit/Prefabs/ModularTrackCantSmallLeft.prefab
  artifactKey: Guid(bed96e97bcaad4383aa9baa8c101f0bf) Importer(815301076,1909f56bfc062723c751e8b465ee728b)
Start importing Assets/Karting/ModularTrackKit/Prefabs/ModularTrackCantSmallLeft.prefab using Guid(bed96e97bcaad4383aa9baa8c101f0bf) Importer(815301076,1909f56bfc062723c751e8b465ee728b)  -> (artifact id: '1e5532ed8334e25d487d38edfb459253') in 0.035696 seconds 
  Import took 0.050972 seconds .

========================================================================
Received Import Request.
  Time since last request: 0.000966 seconds.
  path: Assets/Karting/ModularTrackKit/Models/ModularTrackCantMediumRight.fbx
  artifactKey: Guid(da23b199c8ab5479e812925e733aaf8f) Importer(815301076,1909f56bfc062723c751e8b465ee728b)
Start importing Assets/Karting/ModularTrackKit/Models/ModularTrackCantMediumRight.fbx using Guid(da23b199c8ab5479e812925e733aaf8f) Importer(815301076,1909f56bfc062723c751e8b465ee728b)  -> (artifact id: 'c87157173b046d807552b02b75d00ab6') in 0.082878 seconds 
  Import took 0.102918 seconds .

========================================================================
Received Import Request.
  Time since last request: 0.000602 seconds.
  path: Assets/Karting/ModularTrackKit/Models/ModularTrackCantSmallRight.fbx
  artifactKey: Guid(52f3b50c1579446dfa7dac35f5ac2e0a) Importer(815301076,1909f56bfc062723c751e8b465ee728b)
Start importing Assets/Karting/ModularTrackKit/Models/ModularTrackCantSmallRight.fbx using Guid(52f3b50c1579446dfa7dac35f5ac2e0a) Importer(815301076,1909f56bfc062723c751e8b465ee728b)  -> (artifact id: '98f2f87cc38631400bd3a7ffa6c57b2e') in 0.093522 seconds 
  Import took 0.104780 seconds .

========================================================================
Received Import Request.
  Time since last request: 0.000487 seconds.
  path: Assets/Karting/ModularTrackKit/Prefabs/ModularTrackCantMediumRight.prefab
  artifactKey: Guid(877fc6ef080ba4ecd8a8651303bb0d66) Importer(815301076,1909f56bfc062723c751e8b465ee728b)
Start importing Assets/Karting/ModularTrackKit/Prefabs/ModularTrackCantMediumRight.prefab using Guid(877fc6ef080ba4ecd8a8651303bb0d66) Importer(815301076,1909f56bfc062723c751e8b465ee728b)  -> (artifact id: '541621070b09916391d9283abc307336') in 0.046952 seconds 
  Import took 0.063103 seconds .

========================================================================
Received Import Request.
  Time since last request: 1.659517 seconds.
  path: Assets/Karting/ModularTrackKit
  artifactKey: Guid(58a017e71c0a74cfdbf0ecc002770138) Importer(815301076,1909f56bfc062723c751e8b465ee728b)
Start importing Assets/Karting/ModularTrackKit using Guid(58a017e71c0a74cfdbf0ecc002770138) Importer(815301076,1909f56bfc062723c751e8b465ee728b)  -> (artifact id: 'cce711c7167fabb05120a69995df3f06') in 0.017214 seconds 
  Import took 0.034342 seconds .

========================================================================
Received Import Request.
  Time since last request: 15.772847 seconds.
  path: Assets/Karting/ModularTrackKit/Prefabs
  artifactKey: Guid(108fff28cc02b43688636db4359a9bc9) Importer(815301076,1909f56bfc062723c751e8b465ee728b)
Start importing Assets/Karting/ModularTrackKit/Prefabs using Guid(108fff28cc02b43688636db4359a9bc9) Importer(815301076,1909f56bfc062723c751e8b465ee728b)  -> (artifact id: '8f7bd0c1058b6e90519d67e1773a7dcf') in 0.019069 seconds 
  Import took 0.033155 seconds .

========================================================================
Received Prepare
Registering precompiled user dll's ...
Registered in 0.017261 seconds.
Begin MonoManager ReloadAssembly
Native extension for WindowsStandalone target not found
Native extension for WebGL target not found
Refreshing native plugins compatible for Editor in 2.48 ms, found 3 plugins.
Preloading 0 native plugins for Editor in 0.00 ms.
Mono: successfully reloaded assembly
- Completed reload, in  2.797 seconds
Domain Reload Profiling:
	ReloadAssembly (2798ms)
		BeginReloadAssembly (546ms)
			ExecutionOrderSort (0ms)
			DisableScriptedObjects (27ms)
			BackupInstance (0ms)
			ReleaseScriptingObjects (0ms)
			CreateAndSetChildDomain (298ms)
		EndReloadAssembly (2130ms)
			LoadAssemblies (226ms)
			RebuildTransferFunctionScriptingTraits (0ms)
			SetupTypeCache (709ms)
			ReleaseScriptCaches (3ms)
			RebuildScriptCaches (89ms)
			SetupLoadedEditorAssemblies (920ms)
				LogAssemblyErrors (0ms)
				InitializePlatformSupportModulesInManaged (14ms)
				SetLoadedEditorAssemblies (1ms)
				RefreshPlugins (3ms)
				BeforeProcessingInitializeOnLoad (188ms)
				ProcessInitializeOnLoadAttributes (691ms)
				ProcessInitializeOnLoadMethodAttributes (7ms)
				AfterProcessingInitializeOnLoad (15ms)
				EditorAssembliesLoaded (1ms)
			ExecutionOrderSort2 (0ms)
			AwakeInstancesAfterBackupRestoration (43ms)
Platform modules already initialized, skipping
Refreshing native plugins compatible for Editor in 2.74 ms, found 3 plugins.
Preloading 0 native plugins for Editor in 0.00 ms.
Unloading 2720 Unused Serialized files (Serialized files now loaded: 0)
System memory in use before: 127.7 MB.
System memory in use after: 127.8 MB.

Unloading 31 unused Assets to reduce memory usage. Loaded Objects now: 3281.
Total: 10.637800 ms (FindLiveObjects: 0.866800 ms CreateObjectMapping: 0.100500 ms MarkObjects: 9.181200 ms  DeleteObjects: 0.484300 ms)

AssetImportParameters requested are different than current active one (requested -> active):
  custom:framework-win-MediaFoundation: 216162199b28c13a410421893ffa2e32 -> 
  custom:video-decoder-ogg-theora: a1e56fd34408186e4bbccfd4996cb3dc -> 
  custom:container-muxer-webm: aa71ff27fc2769a1b78a27578f13a17b -> 
  custom:container-demuxer-webm: 4f35f7cbe854078d1ac9338744f61a02 -> 
  custom:container-demuxer-ogg: 62fdf1f143b41e24485cea50d1cbac27 -> 
  custom:video-encoder-webm-vp8: eb34c28f22e8b96e1ab97ce403110664 -> 
  custom:video-decoder-webm-vp8: 9c59270c3fd7afecdb556c50c9e8de78 -> 
  custom:audio-decoder-ogg-vorbis: bf7c407c2cedff20999df2af8eb42d56 -> 
  custom:audio-encoder-webm-vorbis: bf7c407c2cedff20999df2af8eb42d56 -> 
========================================================================
Received Import Request.
  Time since last request: 4703.378400 seconds.
  path: Assets/Karting/ModularTrackKit/Prefabs/ModularTrackRampCurveLeft.prefab
  artifactKey: Guid(634c4192803244032a1b1c99cff02eff) Importer(815301076,1909f56bfc062723c751e8b465ee728b)
Start importing Assets/Karting/ModularTrackKit/Prefabs/ModularTrackRampCurveLeft.prefab using Guid(634c4192803244032a1b1c99cff02eff) Importer(815301076,1909f56bfc062723c751e8b465ee728b)  -> (artifact id: '493225a9df1d6ddff3d2da47344143c4') in 0.154884 seconds 
  Import took 0.165098 seconds .

========================================================================
Received Import Request.
  Time since last request: 69.173330 seconds.
  path: Assets/Karting/ModularTrackKit/Prefabs/ModularTrackSpiralLeft.prefab
  artifactKey: Guid(89547b15363d64495b3ff832130f0a8e) Importer(815301076,1909f56bfc062723c751e8b465ee728b)
Start importing Assets/Karting/ModularTrackKit/Prefabs/ModularTrackSpiralLeft.prefab using Guid(89547b15363d64495b3ff832130f0a8e) Importer(815301076,1909f56bfc062723c751e8b465ee728b)  -> (artifact id: '8e3e3d51b1692b023b9c3e27118c2b8d') in 0.068347 seconds 
  Import took 0.086775 seconds .

========================================================================
Received Import Request.
  Time since last request: 262.360021 seconds.
  path: Assets/Karting/ModularTrackKit/Prefabs/ModularTrackCantSmallRight.prefab
  artifactKey: Guid(d1fedb17811a845a798a9217e0dbc9aa) Importer(815301076,1909f56bfc062723c751e8b465ee728b)
Start importing Assets/Karting/ModularTrackKit/Prefabs/ModularTrackCantSmallRight.prefab using Guid(d1fedb17811a845a798a9217e0dbc9aa) Importer(815301076,1909f56bfc062723c751e8b465ee728b)  -> (artifact id: '819bd5c8e161d6e5a878eaf6fef7f2e1') in 0.038821 seconds 
  Import took 0.051445 seconds .

========================================================================
Received Import Request.
  Time since last request: 0.004761 seconds.
  path: Assets/Karting/ModularTrackKit/Prefabs/ModularTrackCantSmallRight.prefab
  artifactKey: Guid(d1fedb17811a845a798a9217e0dbc9aa) Importer(815301076,1909f56bfc062723c751e8b465ee728b)
Start importing Assets/Karting/ModularTrackKit/Prefabs/ModularTrackCantSmallRight.prefab using Guid(d1fedb17811a845a798a9217e0dbc9aa) Importer(815301076,1909f56bfc062723c751e8b465ee728b)  -> (artifact id: '819bd5c8e161d6e5a878eaf6fef7f2e1') in 0.024700 seconds 
  Import took 0.040007 seconds .

========================================================================
Received Prepare
Registering precompiled user dll's ...
Registered in 0.014381 seconds.
Begin MonoManager ReloadAssembly
Native extension for WindowsStandalone target not found
Native extension for WebGL target not found
Refreshing native plugins compatible for Editor in 2.77 ms, found 3 plugins.
Preloading 0 native plugins for Editor in 0.00 ms.
Mono: successfully reloaded assembly
- Completed reload, in  2.555 seconds
Domain Reload Profiling:
	ReloadAssembly (2556ms)
		BeginReloadAssembly (344ms)
			ExecutionOrderSort (0ms)
			DisableScriptedObjects (13ms)
			BackupInstance (0ms)
			ReleaseScriptingObjects (0ms)
			CreateAndSetChildDomain (179ms)
		EndReloadAssembly (2094ms)
			LoadAssemblies (217ms)
			RebuildTransferFunctionScriptingTraits (0ms)
			SetupTypeCache (673ms)
			ReleaseScriptCaches (4ms)
			RebuildScriptCaches (85ms)
			SetupLoadedEditorAssemblies (952ms)
				LogAssemblyErrors (0ms)
				InitializePlatformSupportModulesInManaged (11ms)
				SetLoadedEditorAssemblies (1ms)
				RefreshPlugins (3ms)
				BeforeProcessingInitializeOnLoad (172ms)
				ProcessInitializeOnLoadAttributes (746ms)
				ProcessInitializeOnLoadMethodAttributes (6ms)
				AfterProcessingInitializeOnLoad (12ms)
				EditorAssembliesLoaded (1ms)
			ExecutionOrderSort2 (0ms)
			AwakeInstancesAfterBackupRestoration (34ms)
Platform modules already initialized, skipping
Refreshing native plugins compatible for Editor in 2.57 ms, found 3 plugins.
Preloading 0 native plugins for Editor in 0.00 ms.
Unloading 2720 Unused Serialized files (Serialized files now loaded: 0)
System memory in use before: 127.7 MB.
System memory in use after: 127.8 MB.

Unloading 30 unused Assets to reduce memory usage. Loaded Objects now: 3285.
Total: 14.022900 ms (FindLiveObjects: 1.067100 ms CreateObjectMapping: 0.115900 ms MarkObjects: 12.524100 ms  DeleteObjects: 0.310300 ms)

AssetImportParameters requested are different than current active one (requested -> active):
  custom:framework-win-MediaFoundation: 216162199b28c13a410421893ffa2e32 -> 
  custom:video-decoder-ogg-theora: a1e56fd34408186e4bbccfd4996cb3dc -> 
  custom:container-muxer-webm: aa71ff27fc2769a1b78a27578f13a17b -> 
  custom:container-demuxer-webm: 4f35f7cbe854078d1ac9338744f61a02 -> 
  custom:container-demuxer-ogg: 62fdf1f143b41e24485cea50d1cbac27 -> 
  custom:video-encoder-webm-vp8: eb34c28f22e8b96e1ab97ce403110664 -> 
  custom:video-decoder-webm-vp8: 9c59270c3fd7afecdb556c50c9e8de78 -> 
  custom:audio-decoder-ogg-vorbis: bf7c407c2cedff20999df2af8eb42d56 -> 
  custom:audio-encoder-webm-vorbis: bf7c407c2cedff20999df2af8eb42d56 -> 
========================================================================
Received Prepare
Registering precompiled user dll's ...
Registered in 0.016206 seconds.
Begin MonoManager ReloadAssembly
Native extension for WindowsStandalone target not found
Native extension for WebGL target not found
Refreshing native plugins compatible for Editor in 4.47 ms, found 3 plugins.
Preloading 0 native plugins for Editor in 0.00 ms.
Mono: successfully reloaded assembly
- Completed reload, in  2.677 seconds
Domain Reload Profiling:
	ReloadAssembly (2678ms)
		BeginReloadAssembly (317ms)
			ExecutionOrderSort (0ms)
			DisableScriptedObjects (10ms)
			BackupInstance (0ms)
			ReleaseScriptingObjects (0ms)
			CreateAndSetChildDomain (147ms)
		EndReloadAssembly (2224ms)
			LoadAssemblies (216ms)
			RebuildTransferFunctionScriptingTraits (0ms)
			SetupTypeCache (695ms)
			ReleaseScriptCaches (5ms)
			RebuildScriptCaches (88ms)
			SetupLoadedEditorAssemblies (992ms)
				LogAssemblyErrors (0ms)
				InitializePlatformSupportModulesInManaged (10ms)
				SetLoadedEditorAssemblies (1ms)
				RefreshPlugins (5ms)
				BeforeProcessingInitializeOnLoad (183ms)
				ProcessInitializeOnLoadAttributes (773ms)
				ProcessInitializeOnLoadMethodAttributes (7ms)
				AfterProcessingInitializeOnLoad (13ms)
				EditorAssembliesLoaded (1ms)
			ExecutionOrderSort2 (0ms)
			AwakeInstancesAfterBackupRestoration (42ms)
Platform modules already initialized, skipping
Refreshing native plugins compatible for Editor in 1.28 ms, found 3 plugins.
Preloading 0 native plugins for Editor in 0.00 ms.
Unloading 2720 Unused Serialized files (Serialized files now loaded: 0)
System memory in use before: 127.7 MB.
System memory in use after: 127.8 MB.

Unloading 30 unused Assets to reduce memory usage. Loaded Objects now: 3288.
Total: 9.079200 ms (FindLiveObjects: 1.315700 ms CreateObjectMapping: 0.095900 ms MarkObjects: 7.364200 ms  DeleteObjects: 0.297700 ms)

AssetImportParameters requested are different than current active one (requested -> active):
  custom:framework-win-MediaFoundation: 216162199b28c13a410421893ffa2e32 -> 
  custom:video-decoder-ogg-theora: a1e56fd34408186e4bbccfd4996cb3dc -> 
  custom:container-muxer-webm: aa71ff27fc2769a1b78a27578f13a17b -> 
  custom:container-demuxer-webm: 4f35f7cbe854078d1ac9338744f61a02 -> 
  custom:container-demuxer-ogg: 62fdf1f143b41e24485cea50d1cbac27 -> 
  custom:video-encoder-webm-vp8: eb34c28f22e8b96e1ab97ce403110664 -> 
  custom:video-decoder-webm-vp8: 9c59270c3fd7afecdb556c50c9e8de78 -> 
  custom:audio-decoder-ogg-vorbis: bf7c407c2cedff20999df2af8eb42d56 -> 
  custom:audio-encoder-webm-vorbis: bf7c407c2cedff20999df2af8eb42d56 -> 
========================================================================
Received Import Request.
  Time since last request: 844.280418 seconds.
  path: Assets/Karting/KartingMicrogame_README.txt
  artifactKey: Guid(07a04f09bb24bd542a64ae3d85ae7648) Importer(815301076,1909f56bfc062723c751e8b465ee728b)
Start importing Assets/Karting/KartingMicrogame_README.txt using Guid(07a04f09bb24bd542a64ae3d85ae7648) Importer(815301076,1909f56bfc062723c751e8b465ee728b)  -> (artifact id: 'e808b5039eb2835c0d343667cede8f57') in 0.036397 seconds 
  Import took 0.045645 seconds .

========================================================================
Received Prepare
Registering precompiled user dll's ...
Registered in 1.434189 seconds.
Begin MonoManager ReloadAssembly
Native extension for WindowsStandalone target not found
Native extension for WebGL target not found
Refreshing native plugins compatible for Editor in 1.77 ms, found 3 plugins.
Preloading 0 native plugins for Editor in 0.00 ms.
Mono: successfully reloaded assembly
- Completed reload, in  1.600 seconds
Domain Reload Profiling:
	ReloadAssembly (1600ms)
		BeginReloadAssembly (134ms)
			ExecutionOrderSort (0ms)
			DisableScriptedObjects (4ms)
			BackupInstance (0ms)
			ReleaseScriptingObjects (0ms)
			CreateAndSetChildDomain (45ms)
		EndReloadAssembly (1328ms)
			LoadAssemblies (108ms)
			RebuildTransferFunctionScriptingTraits (0ms)
			SetupTypeCache (344ms)
			ReleaseScriptCaches (1ms)
			RebuildScriptCaches (43ms)
			SetupLoadedEditorAssemblies (669ms)
				LogAssemblyErrors (0ms)
				InitializePlatformSupportModulesInManaged (7ms)
				SetLoadedEditorAssemblies (1ms)
				RefreshPlugins (2ms)
				BeforeProcessingInitializeOnLoad (101ms)
				ProcessInitializeOnLoadAttributes (530ms)
				ProcessInitializeOnLoadMethodAttributes (12ms)
				AfterProcessingInitializeOnLoad (17ms)
				EditorAssembliesLoaded (0ms)
			ExecutionOrderSort2 (0ms)
			AwakeInstancesAfterBackupRestoration (32ms)
Platform modules already initialized, skipping
Refreshing native plugins compatible for Editor in 3.94 ms, found 3 plugins.
Preloading 0 native plugins for Editor in 0.00 ms.
Unloading 2720 Unused Serialized files (Serialized files now loaded: 0)
System memory in use before: 127.7 MB.
System memory in use after: 127.9 MB.

Unloading 30 unused Assets to reduce memory usage. Loaded Objects now: 3291.
Total: 11.771000 ms (FindLiveObjects: 1.945700 ms CreateObjectMapping: 0.203100 ms MarkObjects: 9.346000 ms  DeleteObjects: 0.271200 ms)

AssetImportParameters requested are different than current active one (requested -> active):
  custom:framework-win-MediaFoundation: 216162199b28c13a410421893ffa2e32 -> 
  custom:video-decoder-ogg-theora: a1e56fd34408186e4bbccfd4996cb3dc -> 
  custom:container-muxer-webm: aa71ff27fc2769a1b78a27578f13a17b -> 
  custom:container-demuxer-webm: 4f35f7cbe854078d1ac9338744f61a02 -> 
  custom:container-demuxer-ogg: 62fdf1f143b41e24485cea50d1cbac27 -> 
  custom:video-encoder-webm-vp8: eb34c28f22e8b96e1ab97ce403110664 -> 
  custom:video-decoder-webm-vp8: 9c59270c3fd7afecdb556c50c9e8de78 -> 
  custom:audio-decoder-ogg-vorbis: bf7c407c2cedff20999df2af8eb42d56 -> 
  custom:audio-encoder-webm-vorbis: bf7c407c2cedff20999df2af8eb42d56 -> 
========================================================================
Received Prepare
Registering precompiled user dll's ...
Registered in 0.017923 seconds.
Begin MonoManager ReloadAssembly
Native extension for WindowsStandalone target not found
Native extension for WebGL target not found
Refreshing native plugins compatible for Editor in 3.32 ms, found 3 plugins.
Preloading 0 native plugins for Editor in 0.00 ms.
Mono: successfully reloaded assembly
- Completed reload, in  2.746 seconds
Domain Reload Profiling:
	ReloadAssembly (2748ms)
		BeginReloadAssembly (285ms)
			ExecutionOrderSort (0ms)
			DisableScriptedObjects (7ms)
			BackupInstance (0ms)
			ReleaseScriptingObjects (1ms)
			CreateAndSetChildDomain (124ms)
		EndReloadAssembly (2326ms)
			LoadAssemblies (222ms)
			RebuildTransferFunctionScriptingTraits (0ms)
			SetupTypeCache (685ms)
			ReleaseScriptCaches (4ms)
			RebuildScriptCaches (87ms)
			SetupLoadedEditorAssemblies (1124ms)
				LogAssemblyErrors (0ms)
				InitializePlatformSupportModulesInManaged (12ms)
				SetLoadedEditorAssemblies (4ms)
				RefreshPlugins (4ms)
				BeforeProcessingInitializeOnLoad (197ms)
				ProcessInitializeOnLoadAttributes (884ms)
				ProcessInitializeOnLoadMethodAttributes (8ms)
				AfterProcessingInitializeOnLoad (14ms)
				EditorAssembliesLoaded (1ms)
			ExecutionOrderSort2 (0ms)
			AwakeInstancesAfterBackupRestoration (46ms)
Platform modules already initialized, skipping
Refreshing native plugins compatible for Editor in 3.03 ms, found 3 plugins.
Preloading 0 native plugins for Editor in 0.00 ms.
Unloading 2720 Unused Serialized files (Serialized files now loaded: 0)
System memory in use before: 127.7 MB.
System memory in use after: 127.9 MB.

Unloading 30 unused Assets to reduce memory usage. Loaded Objects now: 3294.
Total: 15.460700 ms (FindLiveObjects: 1.439300 ms CreateObjectMapping: 0.169900 ms MarkObjects: 13.491200 ms  DeleteObjects: 0.355700 ms)

AssetImportParameters requested are different than current active one (requested -> active):
  custom:framework-win-MediaFoundation: 216162199b28c13a410421893ffa2e32 -> 
  custom:video-decoder-ogg-theora: a1e56fd34408186e4bbccfd4996cb3dc -> 
  custom:container-muxer-webm: aa71ff27fc2769a1b78a27578f13a17b -> 
  custom:container-demuxer-webm: 4f35f7cbe854078d1ac9338744f61a02 -> 
  custom:container-demuxer-ogg: 62fdf1f143b41e24485cea50d1cbac27 -> 
  custom:video-encoder-webm-vp8: eb34c28f22e8b96e1ab97ce403110664 -> 
  custom:video-decoder-webm-vp8: 9c59270c3fd7afecdb556c50c9e8de78 -> 
  custom:audio-decoder-ogg-vorbis: bf7c407c2cedff20999df2af8eb42d56 -> 
  custom:audio-encoder-webm-vorbis: bf7c407c2cedff20999df2af8eb42d56 -> 
